Starting getsize: getsize /ocean/projects/bio230007p/sujathab/Motif_analysis/output/meme_chip_human_enhancer/human_enhancer.fa 1> $metrics
getsize ran successfully in 0.207122 seconds
Starting fasta-most: fasta-most -min 50 < /ocean/projects/bio230007p/sujathab/Motif_analysis/output/meme_chip_human_enhancer/human_enhancer.fa 1> $metrics
fasta-most ran successfully in 0.120955 seconds
Starting fasta-center: fasta-center -dna -len 100 < /ocean/projects/bio230007p/sujathab/Motif_analysis/output/meme_chip_human_enhancer/human_enhancer.fa 1> /ocean/projects/bio230007p/sujathab/Motif_analysis/output/meme_chip_human_enhancer/seqs-centered
fasta-center ran successfully in 0.17206 seconds
Starting fasta-get-markov: fasta-get-markov -nostatus -nosummary -dna -m 2 /ocean/projects/bio230007p/sujathab/Motif_analysis/output/meme_chip_human_enhancer/human_enhancer.fa /ocean/projects/bio230007p/sujathab/Motif_analysis/output/meme_chip_human_enhancer/background
fasta-get-markov ran successfully in 0.051074 seconds
Starting meme: meme /ocean/projects/bio230007p/sujathab/Motif_analysis/output/meme_chip_human_enhancer/seqs-centered -oc /ocean/projects/bio230007p/sujathab/Motif_analysis/output/meme_chip_human_enhancer/meme_out -mod zoops -nmotifs 10 -minw 6 -maxw 20 -bfile /ocean/projects/bio230007p/sujathab/Motif_analysis/output/meme_chip_human_enhancer/background -dna -p 4 -revcomp -nostatus
meme ran successfully in 917.441989 seconds
Starting streme: streme --verbosity 1 --oc /ocean/projects/bio230007p/sujathab/Motif_analysis/output/meme_chip_human_enhancer/streme_out -dna --p /ocean/projects/bio230007p/sujathab/Motif_analysis/output/meme_chip_human_enhancer/seqs-centered --minw 6 --maxw 20 --order 2
streme ran successfully in 3668.154711 seconds
Starting centrimo: centrimo -seqlen 200 -verbosity 1 -oc /ocean/projects/bio230007p/sujathab/Motif_analysis/output/meme_chip_human_enhancer/centrimo_out -bfile /ocean/projects/bio230007p/sujathab/Motif_analysis/output/meme_chip_human_enhancer/background /ocean/projects/bio230007p/sujathab/Motif_analysis/output/meme_chip_human_enhancer/human_enhancer.fa /ocean/projects/bio230007p/sujathab/Motif_analysis/output/meme_chip_human_enhancer/meme_out/meme.xml /ocean/projects/bio230007p/sujathab/Motif_analysis/output/meme_chip_human_enhancer/streme_out/streme.xml /ocean/projects/bio230007p/sujathab/motif_dbs/JASPAR2026_vertebrates_combined.meme
Bad file name.
Bad file name.
Bad file name.
Bad file name.
Bad file name.
Bad file name.
Bad file name.
Bad file name.
Bad file name.
Bad file name.
Bad file name.
Bad file name.
Bad file name.
Bad file name.
Bad file name.
FATAL: Template does not contain data section.

centrimo exited with error code 1
Starting tomtom: tomtom -verbosity 1 -oc /ocean/projects/bio230007p/sujathab/Motif_analysis/output/meme_chip_human_enhancer/meme_tomtom_out -min-overlap 5 -dist pearson -evalue -thresh 1 -no-ssc /ocean/projects/bio230007p/sujathab/Motif_analysis/output/meme_chip_human_enhancer/meme_out/meme.xml /ocean/projects/bio230007p/sujathab/motif_dbs/JASPAR2026_vertebrates_combined.meme
tomtom ran successfully in 21.929554 seconds
Starting tomtom: tomtom -verbosity 1 -oc /ocean/projects/bio230007p/sujathab/Motif_analysis/output/meme_chip_human_enhancer/streme_tomtom_out -min-overlap 5 -dist pearson -evalue -thresh 1 -no-ssc /ocean/projects/bio230007p/sujathab/Motif_analysis/output/meme_chip_human_enhancer/streme_out/streme.xml /ocean/projects/bio230007p/sujathab/motif_dbs/JASPAR2026_vertebrates_combined.meme
tomtom ran successfully in 25.95812 seconds
Starting tomtom: tomtom -verbosity 1 -text -thresh 0.1 /ocean/projects/bio230007p/sujathab/Motif_analysis/output/meme_chip_human_enhancer/combined.meme /ocean/projects/bio230007p/sujathab/Motif_analysis/output/meme_chip_human_enhancer/combined.meme 1> /ocean/projects/bio230007p/sujathab/Motif_analysis/output/meme_chip_human_enhancer/motif_alignment.txt
tomtom ran successfully in 0.54029 seconds
Starting spamo: spamo -verbosity 1 -oc /ocean/projects/bio230007p/sujathab/Motif_analysis/output/meme_chip_human_enhancer/spamo_out_1 -bgfile /ocean/projects/bio230007p/sujathab/Motif_analysis/output/meme_chip_human_enhancer/background -keepprimary -primary RSYGCCMYCTRSTGG /ocean/projects/bio230007p/sujathab/Motif_analysis/output/meme_chip_human_enhancer/human_enhancer.fa /ocean/projects/bio230007p/sujathab/Motif_analysis/output/meme_chip_human_enhancer/meme_out/meme.xml /ocean/projects/bio230007p/sujathab/Motif_analysis/output/meme_chip_human_enhancer/meme_out/meme.xml /ocean/projects/bio230007p/sujathab/Motif_analysis/output/meme_chip_human_enhancer/streme_out/streme.xml
spamo exited with error code 1
Starting spamo: spamo -verbosity 1 -oc /ocean/projects/bio230007p/sujathab/Motif_analysis/output/meme_chip_human_enhancer/spamo_out_1 -bgfile /ocean/projects/bio230007p/sujathab/Motif_analysis/output/meme_chip_human_enhancer/background -keepprimary -primary TGTGTGTGTGTGTGTGTGTG /ocean/projects/bio230007p/sujathab/Motif_analysis/output/meme_chip_human_enhancer/human_enhancer.fa /ocean/projects/bio230007p/sujathab/Motif_analysis/output/meme_chip_human_enhancer/meme_out/meme.xml /ocean/projects/bio230007p/sujathab/Motif_analysis/output/meme_chip_human_enhancer/meme_out/meme.xml /ocean/projects/bio230007p/sujathab/Motif_analysis/output/meme_chip_human_enhancer/streme_out/streme.xml
spamo exited with error code 1
Starting spamo: spamo -verbosity 1 -oc /ocean/projects/bio230007p/sujathab/Motif_analysis/output/meme_chip_human_enhancer/spamo_out_1 -bgfile /ocean/projects/bio230007p/sujathab/Motif_analysis/output/meme_chip_human_enhancer/background -keepprimary -primary KGGGGGGGGGGGGGG /ocean/projects/bio230007p/sujathab/Motif_analysis/output/meme_chip_human_enhancer/human_enhancer.fa /ocean/projects/bio230007p/sujathab/Motif_analysis/output/meme_chip_human_enhancer/meme_out/meme.xml /ocean/projects/bio230007p/sujathab/Motif_analysis/output/meme_chip_human_enhancer/meme_out/meme.xml /ocean/projects/bio230007p/sujathab/Motif_analysis/output/meme_chip_human_enhancer/streme_out/streme.xml
spamo exited with error code 1
Starting spamo: spamo -verbosity 1 -oc /ocean/projects/bio230007p/sujathab/Motif_analysis/output/meme_chip_human_enhancer/spamo_out_1 -bgfile /ocean/projects/bio230007p/sujathab/Motif_analysis/output/meme_chip_human_enhancer/background -keepprimary -primary AAAAAAAAAAWAAAWAAAAA /ocean/projects/bio230007p/sujathab/Motif_analysis/output/meme_chip_human_enhancer/human_enhancer.fa /ocean/projects/bio230007p/sujathab/Motif_analysis/output/meme_chip_human_enhancer/meme_out/meme.xml /ocean/projects/bio230007p/sujathab/Motif_analysis/output/meme_chip_human_enhancer/meme_out/meme.xml /ocean/projects/bio230007p/sujathab/Motif_analysis/output/meme_chip_human_enhancer/streme_out/streme.xml
spamo exited with error code 1
Starting spamo: spamo -verbosity 1 -oc /ocean/projects/bio230007p/sujathab/Motif_analysis/output/meme_chip_human_enhancer/spamo_out_1 -bgfile /ocean/projects/bio230007p/sujathab/Motif_analysis/output/meme_chip_human_enhancer/background -keepprimary -primary YYCYYYCTYYCTYYCTYYCT /ocean/projects/bio230007p/sujathab/Motif_analysis/output/meme_chip_human_enhancer/human_enhancer.fa /ocean/projects/bio230007p/sujathab/Motif_analysis/output/meme_chip_human_enhancer/meme_out/meme.xml /ocean/projects/bio230007p/sujathab/Motif_analysis/output/meme_chip_human_enhancer/meme_out/meme.xml /ocean/projects/bio230007p/sujathab/Motif_analysis/output/meme_chip_human_enhancer/streme_out/streme.xml
spamo exited with error code 1
Starting spamo: spamo -verbosity 1 -oc /ocean/projects/bio230007p/sujathab/Motif_analysis/output/meme_chip_human_enhancer/spamo_out_1 -bgfile /ocean/projects/bio230007p/sujathab/Motif_analysis/output/meme_chip_human_enhancer/background -keepprimary -primary 2-AGGAARY /ocean/projects/bio230007p/sujathab/Motif_analysis/output/meme_chip_human_enhancer/human_enhancer.fa /ocean/projects/bio230007p/sujathab/Motif_analysis/output/meme_chip_human_enhancer/streme_out/streme.xml /ocean/projects/bio230007p/sujathab/Motif_analysis/output/meme_chip_human_enhancer/meme_out/meme.xml /ocean/projects/bio230007p/sujathab/Motif_analysis/output/meme_chip_human_enhancer/streme_out/streme.xml
spamo exited with error code 1
Starting spamo: spamo -verbosity 1 -oc /ocean/projects/bio230007p/sujathab/Motif_analysis/output/meme_chip_human_enhancer/spamo_out_1 -bgfile /ocean/projects/bio230007p/sujathab/Motif_analysis/output/meme_chip_human_enhancer/background -keepprimary -primary 4-AAAGCAAA /ocean/projects/bio230007p/sujathab/Motif_analysis/output/meme_chip_human_enhancer/human_enhancer.fa /ocean/projects/bio230007p/sujathab/Motif_analysis/output/meme_chip_human_enhancer/streme_out/streme.xml /ocean/projects/bio230007p/sujathab/Motif_analysis/output/meme_chip_human_enhancer/meme_out/meme.xml /ocean/projects/bio230007p/sujathab/Motif_analysis/output/meme_chip_human_enhancer/streme_out/streme.xml
spamo exited with error code 1
Starting spamo: spamo -verbosity 1 -oc /ocean/projects/bio230007p/sujathab/Motif_analysis/output/meme_chip_human_enhancer/spamo_out_1 -bgfile /ocean/projects/bio230007p/sujathab/Motif_analysis/output/meme_chip_human_enhancer/background -keepprimary -primary 5-RTAAATA /ocean/projects/bio230007p/sujathab/Motif_analysis/output/meme_chip_human_enhancer/human_enhancer.fa /ocean/projects/bio230007p/sujathab/Motif_analysis/output/meme_chip_human_enhancer/streme_out/streme.xml /ocean/projects/bio230007p/sujathab/Motif_analysis/output/meme_chip_human_enhancer/meme_out/meme.xml /ocean/projects/bio230007p/sujathab/Motif_analysis/output/meme_chip_human_enhancer/streme_out/streme.xml
spamo exited with error code 1
Starting spamo: spamo -verbosity 1 -oc /ocean/projects/bio230007p/sujathab/Motif_analysis/output/meme_chip_human_enhancer/spamo_out_1 -bgfile /ocean/projects/bio230007p/sujathab/Motif_analysis/output/meme_chip_human_enhancer/background -keepprimary -primary 7-AGAAACCCTGTCT /ocean/projects/bio230007p/sujathab/Motif_analysis/output/meme_chip_human_enhancer/human_enhancer.fa /ocean/projects/bio230007p/sujathab/Motif_analysis/output/meme_chip_human_enhancer/streme_out/streme.xml /ocean/projects/bio230007p/sujathab/Motif_analysis/output/meme_chip_human_enhancer/meme_out/meme.xml /ocean/projects/bio230007p/sujathab/Motif_analysis/output/meme_chip_human_enhancer/streme_out/streme.xml
spamo exited with error code 1
Starting spamo: spamo -verbosity 1 -oc /ocean/projects/bio230007p/sujathab/Motif_analysis/output/meme_chip_human_enhancer/spamo_out_1 -bgfile /ocean/projects/bio230007p/sujathab/Motif_analysis/output/meme_chip_human_enhancer/background -keepprimary -primary 8-CAAAGGTCA /ocean/projects/bio230007p/sujathab/Motif_analysis/output/meme_chip_human_enhancer/human_enhancer.fa /ocean/projects/bio230007p/sujathab/Motif_analysis/output/meme_chip_human_enhancer/streme_out/streme.xml /ocean/projects/bio230007p/sujathab/Motif_analysis/output/meme_chip_human_enhancer/meme_out/meme.xml /ocean/projects/bio230007p/sujathab/Motif_analysis/output/meme_chip_human_enhancer/streme_out/streme.xml
spamo exited with error code 1
Starting fimo: fimo --parse-genomic-coord --verbosity 1 --oc /ocean/projects/bio230007p/sujathab/Motif_analysis/output/meme_chip_human_enhancer/fimo_out_1 --bgfile /ocean/projects/bio230007p/sujathab/Motif_analysis/output/meme_chip_human_enhancer/background --motif RSYGCCMYCTRSTGG /ocean/projects/bio230007p/sujathab/Motif_analysis/output/meme_chip_human_enhancer/meme_out/meme.xml /ocean/projects/bio230007p/sujathab/Motif_analysis/output/meme_chip_human_enhancer/human_enhancer.fa
fimo ran successfully in 1.48006 seconds
Starting fimo: fimo --parse-genomic-coord --verbosity 1 --oc /ocean/projects/bio230007p/sujathab/Motif_analysis/output/meme_chip_human_enhancer/fimo_out_2 --bgfile /ocean/projects/bio230007p/sujathab/Motif_analysis/output/meme_chip_human_enhancer/background --motif TGTGTGTGTGTGTGTGTGTG /ocean/projects/bio230007p/sujathab/Motif_analysis/output/meme_chip_human_enhancer/meme_out/meme.xml /ocean/projects/bio230007p/sujathab/Motif_analysis/output/meme_chip_human_enhancer/human_enhancer.fa
fimo ran successfully in 1.55772 seconds
Starting fimo: fimo --parse-genomic-coord --verbosity 1 --oc /ocean/projects/bio230007p/sujathab/Motif_analysis/output/meme_chip_human_enhancer/fimo_out_3 --bgfile /ocean/projects/bio230007p/sujathab/Motif_analysis/output/meme_chip_human_enhancer/background --motif KGGGGGGGGGGGGGG /ocean/projects/bio230007p/sujathab/Motif_analysis/output/meme_chip_human_enhancer/meme_out/meme.xml /ocean/projects/bio230007p/sujathab/Motif_analysis/output/meme_chip_human_enhancer/human_enhancer.fa
fimo ran successfully in 1.462929 seconds
Starting fimo: fimo --parse-genomic-coord --verbosity 1 --oc /ocean/projects/bio230007p/sujathab/Motif_analysis/output/meme_chip_human_enhancer/fimo_out_4 --bgfile /ocean/projects/bio230007p/sujathab/Motif_analysis/output/meme_chip_human_enhancer/background --motif AAAAAAAAAAWAAAWAAAAA /ocean/projects/bio230007p/sujathab/Motif_analysis/output/meme_chip_human_enhancer/meme_out/meme.xml /ocean/projects/bio230007p/sujathab/Motif_analysis/output/meme_chip_human_enhancer/human_enhancer.fa
fimo ran successfully in 1.613033 seconds
Starting fimo: fimo --parse-genomic-coord --verbosity 1 --oc /ocean/projects/bio230007p/sujathab/Motif_analysis/output/meme_chip_human_enhancer/fimo_out_5 --bgfile /ocean/projects/bio230007p/sujathab/Motif_analysis/output/meme_chip_human_enhancer/background --motif YYCYYYCTYYCTYYCTYYCT /ocean/projects/bio230007p/sujathab/Motif_analysis/output/meme_chip_human_enhancer/meme_out/meme.xml /ocean/projects/bio230007p/sujathab/Motif_analysis/output/meme_chip_human_enhancer/human_enhancer.fa
fimo ran successfully in 1.66468 seconds
Starting fimo: fimo --parse-genomic-coord --verbosity 1 --oc /ocean/projects/bio230007p/sujathab/Motif_analysis/output/meme_chip_human_enhancer/fimo_out_6 --bgfile /ocean/projects/bio230007p/sujathab/Motif_analysis/output/meme_chip_human_enhancer/background --motif 2-AGGAARY /ocean/projects/bio230007p/sujathab/Motif_analysis/output/meme_chip_human_enhancer/streme_out/streme.xml /ocean/projects/bio230007p/sujathab/Motif_analysis/output/meme_chip_human_enhancer/human_enhancer.fa
fimo ran successfully in 1.370775 seconds
Starting fimo: fimo --parse-genomic-coord --verbosity 1 --oc /ocean/projects/bio230007p/sujathab/Motif_analysis/output/meme_chip_human_enhancer/fimo_out_7 --bgfile /ocean/projects/bio230007p/sujathab/Motif_analysis/output/meme_chip_human_enhancer/background --motif 4-AAAGCAAA /ocean/projects/bio230007p/sujathab/Motif_analysis/output/meme_chip_human_enhancer/streme_out/streme.xml /ocean/projects/bio230007p/sujathab/Motif_analysis/output/meme_chip_human_enhancer/human_enhancer.fa
fimo ran successfully in 1.427837 seconds
Starting fimo: fimo --parse-genomic-coord --verbosity 1 --oc /ocean/projects/bio230007p/sujathab/Motif_analysis/output/meme_chip_human_enhancer/fimo_out_8 --bgfile /ocean/projects/bio230007p/sujathab/Motif_analysis/output/meme_chip_human_enhancer/background --motif 5-RTAAATA /ocean/projects/bio230007p/sujathab/Motif_analysis/output/meme_chip_human_enhancer/streme_out/streme.xml /ocean/projects/bio230007p/sujathab/Motif_analysis/output/meme_chip_human_enhancer/human_enhancer.fa
fimo ran successfully in 1.357128 seconds
Starting fimo: fimo --parse-genomic-coord --verbosity 1 --oc /ocean/projects/bio230007p/sujathab/Motif_analysis/output/meme_chip_human_enhancer/fimo_out_9 --bgfile /ocean/projects/bio230007p/sujathab/Motif_analysis/output/meme_chip_human_enhancer/background --motif 7-AGAAACCCTGTCT /ocean/projects/bio230007p/sujathab/Motif_analysis/output/meme_chip_human_enhancer/streme_out/streme.xml /ocean/projects/bio230007p/sujathab/Motif_analysis/output/meme_chip_human_enhancer/human_enhancer.fa
fimo ran successfully in 1.462061 seconds
Starting fimo: fimo --parse-genomic-coord --verbosity 1 --oc /ocean/projects/bio230007p/sujathab/Motif_analysis/output/meme_chip_human_enhancer/fimo_out_10 --bgfile /ocean/projects/bio230007p/sujathab/Motif_analysis/output/meme_chip_human_enhancer/background --motif 8-CAAAGGTCA /ocean/projects/bio230007p/sujathab/Motif_analysis/output/meme_chip_human_enhancer/streme_out/streme.xml /ocean/projects/bio230007p/sujathab/Motif_analysis/output/meme_chip_human_enhancer/human_enhancer.fa
fimo ran successfully in 1.37617 seconds
Starting meme-chip_html_to_tsv: meme-chip_html_to_tsv /ocean/projects/bio230007p/sujathab/Motif_analysis/output/meme_chip_human_enhancer/meme-chip.html /ocean/projects/bio230007p/sujathab/Motif_analysis/output/meme_chip_human_enhancer/summary.tsv "meme-chip -oc /ocean/projects/bio230007p/sujathab/Motif_analysis/output/meme_chip_human_enhancer -maxw 20 -meme-nmotifs 10 -meme-p 4 -db /ocean/projects/bio230007p/sujathab/motif_dbs/JASPAR2026_vertebrates_combined.meme /ocean/projects/bio230007p/sujathab/Motif_analysis/output/fastas/human_enhancer.fa" 5.4.1 "Sat Aug 21 19\:23\:23 2021 -0700"
meme-chip_html_to_tsv ran successfully in 0.106891 seconds
