Starting getsize: getsize /ocean/projects/bio230007p/sujathab/Motif_analysis/output/meme_chip_mouse_specific_enhancer/mouse_specific_enhancer.fa 1> $metrics
getsize ran successfully in 0.378676 seconds
Starting fasta-most: fasta-most -min 50 < /ocean/projects/bio230007p/sujathab/Motif_analysis/output/meme_chip_mouse_specific_enhancer/mouse_specific_enhancer.fa 1> $metrics
fasta-most ran successfully in 0.142656 seconds
Starting fasta-center: fasta-center -dna -len 100 < /ocean/projects/bio230007p/sujathab/Motif_analysis/output/meme_chip_mouse_specific_enhancer/mouse_specific_enhancer.fa 1> /ocean/projects/bio230007p/sujathab/Motif_analysis/output/meme_chip_mouse_specific_enhancer/seqs-centered
fasta-center ran successfully in 0.24587 seconds
Starting fasta-get-markov: fasta-get-markov -nostatus -nosummary -dna -m 2 /ocean/projects/bio230007p/sujathab/Motif_analysis/output/meme_chip_mouse_specific_enhancer/mouse_specific_enhancer.fa /ocean/projects/bio230007p/sujathab/Motif_analysis/output/meme_chip_mouse_specific_enhancer/background
fasta-get-markov ran successfully in 0.076574 seconds
Starting meme: meme /ocean/projects/bio230007p/sujathab/Motif_analysis/output/meme_chip_mouse_specific_enhancer/seqs-centered -oc /ocean/projects/bio230007p/sujathab/Motif_analysis/output/meme_chip_mouse_specific_enhancer/meme_out -mod zoops -nmotifs 10 -minw 6 -maxw 20 -bfile /ocean/projects/bio230007p/sujathab/Motif_analysis/output/meme_chip_mouse_specific_enhancer/background -dna -p 4 -revcomp -nostatus
meme ran successfully in 978.276502 seconds
Starting streme: streme --verbosity 1 --oc /ocean/projects/bio230007p/sujathab/Motif_analysis/output/meme_chip_mouse_specific_enhancer/streme_out -dna --p /ocean/projects/bio230007p/sujathab/Motif_analysis/output/meme_chip_mouse_specific_enhancer/seqs-centered --minw 6 --maxw 20 --order 2
streme ran successfully in 9517.897226 seconds
Starting centrimo: centrimo -seqlen 200 -verbosity 1 -oc /ocean/projects/bio230007p/sujathab/Motif_analysis/output/meme_chip_mouse_specific_enhancer/centrimo_out -bfile /ocean/projects/bio230007p/sujathab/Motif_analysis/output/meme_chip_mouse_specific_enhancer/background /ocean/projects/bio230007p/sujathab/Motif_analysis/output/meme_chip_mouse_specific_enhancer/mouse_specific_enhancer.fa /ocean/projects/bio230007p/sujathab/Motif_analysis/output/meme_chip_mouse_specific_enhancer/meme_out/meme.xml /ocean/projects/bio230007p/sujathab/Motif_analysis/output/meme_chip_mouse_specific_enhancer/streme_out/streme.xml /ocean/projects/bio230007p/sujathab/motif_dbs/JASPAR2026_vertebrates_combined.meme
Bad file name.
Bad file name.
Bad file name.
Bad file name.
Bad file name.
Bad file name.
Bad file name.
Bad file name.
Bad file name.
Bad file name.
Bad file name.
Bad file name.
Bad file name.
Bad file name.
Bad file name.
FATAL: Template does not contain data section.

centrimo exited with error code 1
Starting tomtom: tomtom -verbosity 1 -oc /ocean/projects/bio230007p/sujathab/Motif_analysis/output/meme_chip_mouse_specific_enhancer/meme_tomtom_out -min-overlap 5 -dist pearson -evalue -thresh 1 -no-ssc /ocean/projects/bio230007p/sujathab/Motif_analysis/output/meme_chip_mouse_specific_enhancer/meme_out/meme.xml /ocean/projects/bio230007p/sujathab/motif_dbs/JASPAR2026_vertebrates_combined.meme
tomtom ran successfully in 21.423441 seconds
Starting tomtom: tomtom -verbosity 1 -oc /ocean/projects/bio230007p/sujathab/Motif_analysis/output/meme_chip_mouse_specific_enhancer/streme_tomtom_out -min-overlap 5 -dist pearson -evalue -thresh 1 -no-ssc /ocean/projects/bio230007p/sujathab/Motif_analysis/output/meme_chip_mouse_specific_enhancer/streme_out/streme.xml /ocean/projects/bio230007p/sujathab/motif_dbs/JASPAR2026_vertebrates_combined.meme
tomtom ran successfully in 39.163729 seconds
Starting tomtom: tomtom -verbosity 1 -text -thresh 0.1 /ocean/projects/bio230007p/sujathab/Motif_analysis/output/meme_chip_mouse_specific_enhancer/combined.meme /ocean/projects/bio230007p/sujathab/Motif_analysis/output/meme_chip_mouse_specific_enhancer/combined.meme 1> /ocean/projects/bio230007p/sujathab/Motif_analysis/output/meme_chip_mouse_specific_enhancer/motif_alignment.txt
tomtom ran successfully in 2.253004 seconds
Starting spamo: spamo -verbosity 1 -oc /ocean/projects/bio230007p/sujathab/Motif_analysis/output/meme_chip_mouse_specific_enhancer/spamo_out_1 -bgfile /ocean/projects/bio230007p/sujathab/Motif_analysis/output/meme_chip_mouse_specific_enhancer/background -keepprimary -primary KRCCASHAGRKGGCRSYRK /ocean/projects/bio230007p/sujathab/Motif_analysis/output/meme_chip_mouse_specific_enhancer/mouse_specific_enhancer.fa /ocean/projects/bio230007p/sujathab/Motif_analysis/output/meme_chip_mouse_specific_enhancer/meme_out/meme.xml /ocean/projects/bio230007p/sujathab/Motif_analysis/output/meme_chip_mouse_specific_enhancer/meme_out/meme.xml /ocean/projects/bio230007p/sujathab/Motif_analysis/output/meme_chip_mouse_specific_enhancer/streme_out/streme.xml
spamo exited with error code 1
Starting spamo: spamo -verbosity 1 -oc /ocean/projects/bio230007p/sujathab/Motif_analysis/output/meme_chip_mouse_specific_enhancer/spamo_out_1 -bgfile /ocean/projects/bio230007p/sujathab/Motif_analysis/output/meme_chip_mouse_specific_enhancer/background -keepprimary -primary 2-CAAAGGTCA /ocean/projects/bio230007p/sujathab/Motif_analysis/output/meme_chip_mouse_specific_enhancer/mouse_specific_enhancer.fa /ocean/projects/bio230007p/sujathab/Motif_analysis/output/meme_chip_mouse_specific_enhancer/streme_out/streme.xml /ocean/projects/bio230007p/sujathab/Motif_analysis/output/meme_chip_mouse_specific_enhancer/meme_out/meme.xml /ocean/projects/bio230007p/sujathab/Motif_analysis/output/meme_chip_mouse_specific_enhancer/streme_out/streme.xml
spamo exited with error code 1
Starting spamo: spamo -verbosity 1 -oc /ocean/projects/bio230007p/sujathab/Motif_analysis/output/meme_chip_mouse_specific_enhancer/spamo_out_1 -bgfile /ocean/projects/bio230007p/sujathab/Motif_analysis/output/meme_chip_mouse_specific_enhancer/background -keepprimary -primary CACACACACACACACACACA /ocean/projects/bio230007p/sujathab/Motif_analysis/output/meme_chip_mouse_specific_enhancer/mouse_specific_enhancer.fa /ocean/projects/bio230007p/sujathab/Motif_analysis/output/meme_chip_mouse_specific_enhancer/meme_out/meme.xml /ocean/projects/bio230007p/sujathab/Motif_analysis/output/meme_chip_mouse_specific_enhancer/meme_out/meme.xml /ocean/projects/bio230007p/sujathab/Motif_analysis/output/meme_chip_mouse_specific_enhancer/streme_out/streme.xml
spamo exited with error code 1
Starting spamo: spamo -verbosity 1 -oc /ocean/projects/bio230007p/sujathab/Motif_analysis/output/meme_chip_mouse_specific_enhancer/spamo_out_1 -bgfile /ocean/projects/bio230007p/sujathab/Motif_analysis/output/meme_chip_mouse_specific_enhancer/background -keepprimary -primary 3-WRARYAAAYANW /ocean/projects/bio230007p/sujathab/Motif_analysis/output/meme_chip_mouse_specific_enhancer/mouse_specific_enhancer.fa /ocean/projects/bio230007p/sujathab/Motif_analysis/output/meme_chip_mouse_specific_enhancer/streme_out/streme.xml /ocean/projects/bio230007p/sujathab/Motif_analysis/output/meme_chip_mouse_specific_enhancer/meme_out/meme.xml /ocean/projects/bio230007p/sujathab/Motif_analysis/output/meme_chip_mouse_specific_enhancer/streme_out/streme.xml
spamo exited with error code 1
Starting spamo: spamo -verbosity 1 -oc /ocean/projects/bio230007p/sujathab/Motif_analysis/output/meme_chip_mouse_specific_enhancer/spamo_out_1 -bgfile /ocean/projects/bio230007p/sujathab/Motif_analysis/output/meme_chip_mouse_specific_enhancer/background -keepprimary -primary AGGYCAGCCTGGKCTACABA /ocean/projects/bio230007p/sujathab/Motif_analysis/output/meme_chip_mouse_specific_enhancer/mouse_specific_enhancer.fa /ocean/projects/bio230007p/sujathab/Motif_analysis/output/meme_chip_mouse_specific_enhancer/meme_out/meme.xml /ocean/projects/bio230007p/sujathab/Motif_analysis/output/meme_chip_mouse_specific_enhancer/meme_out/meme.xml /ocean/projects/bio230007p/sujathab/Motif_analysis/output/meme_chip_mouse_specific_enhancer/streme_out/streme.xml
spamo exited with error code 1
Starting spamo: spamo -verbosity 1 -oc /ocean/projects/bio230007p/sujathab/Motif_analysis/output/meme_chip_mouse_specific_enhancer/spamo_out_1 -bgfile /ocean/projects/bio230007p/sujathab/Motif_analysis/output/meme_chip_mouse_specific_enhancer/background -keepprimary -primary CTGCTCTTCCAGAGGWCC /ocean/projects/bio230007p/sujathab/Motif_analysis/output/meme_chip_mouse_specific_enhancer/mouse_specific_enhancer.fa /ocean/projects/bio230007p/sujathab/Motif_analysis/output/meme_chip_mouse_specific_enhancer/meme_out/meme.xml /ocean/projects/bio230007p/sujathab/Motif_analysis/output/meme_chip_mouse_specific_enhancer/meme_out/meme.xml /ocean/projects/bio230007p/sujathab/Motif_analysis/output/meme_chip_mouse_specific_enhancer/streme_out/streme.xml
spamo exited with error code 1
Starting spamo: spamo -verbosity 1 -oc /ocean/projects/bio230007p/sujathab/Motif_analysis/output/meme_chip_mouse_specific_enhancer/spamo_out_1 -bgfile /ocean/projects/bio230007p/sujathab/Motif_analysis/output/meme_chip_mouse_specific_enhancer/background -keepprimary -primary DAAAWAAAAAAAAAA /ocean/projects/bio230007p/sujathab/Motif_analysis/output/meme_chip_mouse_specific_enhancer/mouse_specific_enhancer.fa /ocean/projects/bio230007p/sujathab/Motif_analysis/output/meme_chip_mouse_specific_enhancer/meme_out/meme.xml /ocean/projects/bio230007p/sujathab/Motif_analysis/output/meme_chip_mouse_specific_enhancer/meme_out/meme.xml /ocean/projects/bio230007p/sujathab/Motif_analysis/output/meme_chip_mouse_specific_enhancer/streme_out/streme.xml
spamo exited with error code 1
Starting spamo: spamo -verbosity 1 -oc /ocean/projects/bio230007p/sujathab/Motif_analysis/output/meme_chip_mouse_specific_enhancer/spamo_out_1 -bgfile /ocean/projects/bio230007p/sujathab/Motif_analysis/output/meme_chip_mouse_specific_enhancer/background -keepprimary -primary 5-RTTRCGYAAY /ocean/projects/bio230007p/sujathab/Motif_analysis/output/meme_chip_mouse_specific_enhancer/mouse_specific_enhancer.fa /ocean/projects/bio230007p/sujathab/Motif_analysis/output/meme_chip_mouse_specific_enhancer/streme_out/streme.xml /ocean/projects/bio230007p/sujathab/Motif_analysis/output/meme_chip_mouse_specific_enhancer/meme_out/meme.xml /ocean/projects/bio230007p/sujathab/Motif_analysis/output/meme_chip_mouse_specific_enhancer/streme_out/streme.xml
spamo exited with error code 1
Starting spamo: spamo -verbosity 1 -oc /ocean/projects/bio230007p/sujathab/Motif_analysis/output/meme_chip_mouse_specific_enhancer/spamo_out_1 -bgfile /ocean/projects/bio230007p/sujathab/Motif_analysis/output/meme_chip_mouse_specific_enhancer/background -keepprimary -primary 6-CCTKTAAYYCCAGYWC /ocean/projects/bio230007p/sujathab/Motif_analysis/output/meme_chip_mouse_specific_enhancer/mouse_specific_enhancer.fa /ocean/projects/bio230007p/sujathab/Motif_analysis/output/meme_chip_mouse_specific_enhancer/streme_out/streme.xml /ocean/projects/bio230007p/sujathab/Motif_analysis/output/meme_chip_mouse_specific_enhancer/meme_out/meme.xml /ocean/projects/bio230007p/sujathab/Motif_analysis/output/meme_chip_mouse_specific_enhancer/streme_out/streme.xml
spamo exited with error code 1
Starting spamo: spamo -verbosity 1 -oc /ocean/projects/bio230007p/sujathab/Motif_analysis/output/meme_chip_mouse_specific_enhancer/spamo_out_1 -bgfile /ocean/projects/bio230007p/sujathab/Motif_analysis/output/meme_chip_mouse_specific_enhancer/background -keepprimary -primary 7-CCCCACCCCC /ocean/projects/bio230007p/sujathab/Motif_analysis/output/meme_chip_mouse_specific_enhancer/mouse_specific_enhancer.fa /ocean/projects/bio230007p/sujathab/Motif_analysis/output/meme_chip_mouse_specific_enhancer/streme_out/streme.xml /ocean/projects/bio230007p/sujathab/Motif_analysis/output/meme_chip_mouse_specific_enhancer/meme_out/meme.xml /ocean/projects/bio230007p/sujathab/Motif_analysis/output/meme_chip_mouse_specific_enhancer/streme_out/streme.xml
spamo exited with error code 1
Starting spamo: spamo -verbosity 1 -oc /ocean/projects/bio230007p/sujathab/Motif_analysis/output/meme_chip_mouse_specific_enhancer/spamo_out_1 -bgfile /ocean/projects/bio230007p/sujathab/Motif_analysis/output/meme_chip_mouse_specific_enhancer/background -keepprimary -primary 10-AAATCAATAN /ocean/projects/bio230007p/sujathab/Motif_analysis/output/meme_chip_mouse_specific_enhancer/mouse_specific_enhancer.fa /ocean/projects/bio230007p/sujathab/Motif_analysis/output/meme_chip_mouse_specific_enhancer/streme_out/streme.xml /ocean/projects/bio230007p/sujathab/Motif_analysis/output/meme_chip_mouse_specific_enhancer/meme_out/meme.xml /ocean/projects/bio230007p/sujathab/Motif_analysis/output/meme_chip_mouse_specific_enhancer/streme_out/streme.xml
spamo exited with error code 1
Starting spamo: spamo -verbosity 1 -oc /ocean/projects/bio230007p/sujathab/Motif_analysis/output/meme_chip_mouse_specific_enhancer/spamo_out_1 -bgfile /ocean/projects/bio230007p/sujathab/Motif_analysis/output/meme_chip_mouse_specific_enhancer/background -keepprimary -primary 11-CTGAGCCATCTCYCCAGCCC /ocean/projects/bio230007p/sujathab/Motif_analysis/output/meme_chip_mouse_specific_enhancer/mouse_specific_enhancer.fa /ocean/projects/bio230007p/sujathab/Motif_analysis/output/meme_chip_mouse_specific_enhancer/streme_out/streme.xml /ocean/projects/bio230007p/sujathab/Motif_analysis/output/meme_chip_mouse_specific_enhancer/meme_out/meme.xml /ocean/projects/bio230007p/sujathab/Motif_analysis/output/meme_chip_mouse_specific_enhancer/streme_out/streme.xml
spamo exited with error code 1
Starting spamo: spamo -verbosity 1 -oc /ocean/projects/bio230007p/sujathab/Motif_analysis/output/meme_chip_mouse_specific_enhancer/spamo_out_1 -bgfile /ocean/projects/bio230007p/sujathab/Motif_analysis/output/meme_chip_mouse_specific_enhancer/background -keepprimary -primary 12-WWCCCAG /ocean/projects/bio230007p/sujathab/Motif_analysis/output/meme_chip_mouse_specific_enhancer/mouse_specific_enhancer.fa /ocean/projects/bio230007p/sujathab/Motif_analysis/output/meme_chip_mouse_specific_enhancer/streme_out/streme.xml /ocean/projects/bio230007p/sujathab/Motif_analysis/output/meme_chip_mouse_specific_enhancer/meme_out/meme.xml /ocean/projects/bio230007p/sujathab/Motif_analysis/output/meme_chip_mouse_specific_enhancer/streme_out/streme.xml
spamo exited with error code 1
Starting spamo: spamo -verbosity 1 -oc /ocean/projects/bio230007p/sujathab/Motif_analysis/output/meme_chip_mouse_specific_enhancer/spamo_out_1 -bgfile /ocean/projects/bio230007p/sujathab/Motif_analysis/output/meme_chip_mouse_specific_enhancer/background -keepprimary -primary 13-GGCTCACAACCATCTGTAA /ocean/projects/bio230007p/sujathab/Motif_analysis/output/meme_chip_mouse_specific_enhancer/mouse_specific_enhancer.fa /ocean/projects/bio230007p/sujathab/Motif_analysis/output/meme_chip_mouse_specific_enhancer/streme_out/streme.xml /ocean/projects/bio230007p/sujathab/Motif_analysis/output/meme_chip_mouse_specific_enhancer/meme_out/meme.xml /ocean/projects/bio230007p/sujathab/Motif_analysis/output/meme_chip_mouse_specific_enhancer/streme_out/streme.xml
spamo exited with error code 1
Starting spamo: spamo -verbosity 1 -oc /ocean/projects/bio230007p/sujathab/Motif_analysis/output/meme_chip_mouse_specific_enhancer/spamo_out_1 -bgfile /ocean/projects/bio230007p/sujathab/Motif_analysis/output/meme_chip_mouse_specific_enhancer/background -keepprimary -primary 14-ACCATGTGGKTGCTGG /ocean/projects/bio230007p/sujathab/Motif_analysis/output/meme_chip_mouse_specific_enhancer/mouse_specific_enhancer.fa /ocean/projects/bio230007p/sujathab/Motif_analysis/output/meme_chip_mouse_specific_enhancer/streme_out/streme.xml /ocean/projects/bio230007p/sujathab/Motif_analysis/output/meme_chip_mouse_specific_enhancer/meme_out/meme.xml /ocean/projects/bio230007p/sujathab/Motif_analysis/output/meme_chip_mouse_specific_enhancer/streme_out/streme.xml
spamo exited with error code 1
Starting spamo: spamo -verbosity 1 -oc /ocean/projects/bio230007p/sujathab/Motif_analysis/output/meme_chip_mouse_specific_enhancer/spamo_out_1 -bgfile /ocean/projects/bio230007p/sujathab/Motif_analysis/output/meme_chip_mouse_specific_enhancer/background -keepprimary -primary 16-ACTTGGCA /ocean/projects/bio230007p/sujathab/Motif_analysis/output/meme_chip_mouse_specific_enhancer/mouse_specific_enhancer.fa /ocean/projects/bio230007p/sujathab/Motif_analysis/output/meme_chip_mouse_specific_enhancer/streme_out/streme.xml /ocean/projects/bio230007p/sujathab/Motif_analysis/output/meme_chip_mouse_specific_enhancer/meme_out/meme.xml /ocean/projects/bio230007p/sujathab/Motif_analysis/output/meme_chip_mouse_specific_enhancer/streme_out/streme.xml
spamo exited with error code 1
Starting spamo: spamo -verbosity 1 -oc /ocean/projects/bio230007p/sujathab/Motif_analysis/output/meme_chip_mouse_specific_enhancer/spamo_out_1 -bgfile /ocean/projects/bio230007p/sujathab/Motif_analysis/output/meme_chip_mouse_specific_enhancer/background -keepprimary -primary 17-AGGACTTTGDAC /ocean/projects/bio230007p/sujathab/Motif_analysis/output/meme_chip_mouse_specific_enhancer/mouse_specific_enhancer.fa /ocean/projects/bio230007p/sujathab/Motif_analysis/output/meme_chip_mouse_specific_enhancer/streme_out/streme.xml /ocean/projects/bio230007p/sujathab/Motif_analysis/output/meme_chip_mouse_specific_enhancer/meme_out/meme.xml /ocean/projects/bio230007p/sujathab/Motif_analysis/output/meme_chip_mouse_specific_enhancer/streme_out/streme.xml
spamo exited with error code 1
Starting spamo: spamo -verbosity 1 -oc /ocean/projects/bio230007p/sujathab/Motif_analysis/output/meme_chip_mouse_specific_enhancer/spamo_out_1 -bgfile /ocean/projects/bio230007p/sujathab/Motif_analysis/output/meme_chip_mouse_specific_enhancer/background -keepprimary -primary 18-ATGCAGTGCCCRYRGAGG /ocean/projects/bio230007p/sujathab/Motif_analysis/output/meme_chip_mouse_specific_enhancer/mouse_specific_enhancer.fa /ocean/projects/bio230007p/sujathab/Motif_analysis/output/meme_chip_mouse_specific_enhancer/streme_out/streme.xml /ocean/projects/bio230007p/sujathab/Motif_analysis/output/meme_chip_mouse_specific_enhancer/meme_out/meme.xml /ocean/projects/bio230007p/sujathab/Motif_analysis/output/meme_chip_mouse_specific_enhancer/streme_out/streme.xml
spamo exited with error code 1
Starting spamo: spamo -verbosity 1 -oc /ocean/projects/bio230007p/sujathab/Motif_analysis/output/meme_chip_mouse_specific_enhancer/spamo_out_1 -bgfile /ocean/projects/bio230007p/sujathab/Motif_analysis/output/meme_chip_mouse_specific_enhancer/background -keepprimary -primary 19-GAGGGAGRGAGGRAGRGRR /ocean/projects/bio230007p/sujathab/Motif_analysis/output/meme_chip_mouse_specific_enhancer/mouse_specific_enhancer.fa /ocean/projects/bio230007p/sujathab/Motif_analysis/output/meme_chip_mouse_specific_enhancer/streme_out/streme.xml /ocean/projects/bio230007p/sujathab/Motif_analysis/output/meme_chip_mouse_specific_enhancer/meme_out/meme.xml /ocean/projects/bio230007p/sujathab/Motif_analysis/output/meme_chip_mouse_specific_enhancer/streme_out/streme.xml
spamo exited with error code 1
Starting spamo: spamo -verbosity 1 -oc /ocean/projects/bio230007p/sujathab/Motif_analysis/output/meme_chip_mouse_specific_enhancer/spamo_out_1 -bgfile /ocean/projects/bio230007p/sujathab/Motif_analysis/output/meme_chip_mouse_specific_enhancer/background -keepprimary -primary 20-GAGGCAGAGGCAG /ocean/projects/bio230007p/sujathab/Motif_analysis/output/meme_chip_mouse_specific_enhancer/mouse_specific_enhancer.fa /ocean/projects/bio230007p/sujathab/Motif_analysis/output/meme_chip_mouse_specific_enhancer/streme_out/streme.xml /ocean/projects/bio230007p/sujathab/Motif_analysis/output/meme_chip_mouse_specific_enhancer/meme_out/meme.xml /ocean/projects/bio230007p/sujathab/Motif_analysis/output/meme_chip_mouse_specific_enhancer/streme_out/streme.xml
spamo exited with error code 1
Starting spamo: spamo -verbosity 1 -oc /ocean/projects/bio230007p/sujathab/Motif_analysis/output/meme_chip_mouse_specific_enhancer/spamo_out_1 -bgfile /ocean/projects/bio230007p/sujathab/Motif_analysis/output/meme_chip_mouse_specific_enhancer/background -keepprimary -primary 21-CACWGTG /ocean/projects/bio230007p/sujathab/Motif_analysis/output/meme_chip_mouse_specific_enhancer/mouse_specific_enhancer.fa /ocean/projects/bio230007p/sujathab/Motif_analysis/output/meme_chip_mouse_specific_enhancer/streme_out/streme.xml /ocean/projects/bio230007p/sujathab/Motif_analysis/output/meme_chip_mouse_specific_enhancer/meme_out/meme.xml /ocean/projects/bio230007p/sujathab/Motif_analysis/output/meme_chip_mouse_specific_enhancer/streme_out/streme.xml
spamo exited with error code 1
Starting fimo: fimo --parse-genomic-coord --verbosity 1 --oc /ocean/projects/bio230007p/sujathab/Motif_analysis/output/meme_chip_mouse_specific_enhancer/fimo_out_1 --bgfile /ocean/projects/bio230007p/sujathab/Motif_analysis/output/meme_chip_mouse_specific_enhancer/background --motif KRCCASHAGRKGGCRSYRK /ocean/projects/bio230007p/sujathab/Motif_analysis/output/meme_chip_mouse_specific_enhancer/meme_out/meme.xml /ocean/projects/bio230007p/sujathab/Motif_analysis/output/meme_chip_mouse_specific_enhancer/mouse_specific_enhancer.fa
fimo ran successfully in 2.526956 seconds
Starting fimo: fimo --parse-genomic-coord --verbosity 1 --oc /ocean/projects/bio230007p/sujathab/Motif_analysis/output/meme_chip_mouse_specific_enhancer/fimo_out_2 --bgfile /ocean/projects/bio230007p/sujathab/Motif_analysis/output/meme_chip_mouse_specific_enhancer/background --motif 2-CAAAGGTCA /ocean/projects/bio230007p/sujathab/Motif_analysis/output/meme_chip_mouse_specific_enhancer/streme_out/streme.xml /ocean/projects/bio230007p/sujathab/Motif_analysis/output/meme_chip_mouse_specific_enhancer/mouse_specific_enhancer.fa
fimo ran successfully in 2.291044 seconds
Starting fimo: fimo --parse-genomic-coord --verbosity 1 --oc /ocean/projects/bio230007p/sujathab/Motif_analysis/output/meme_chip_mouse_specific_enhancer/fimo_out_3 --bgfile /ocean/projects/bio230007p/sujathab/Motif_analysis/output/meme_chip_mouse_specific_enhancer/background --motif CACACACACACACACACACA /ocean/projects/bio230007p/sujathab/Motif_analysis/output/meme_chip_mouse_specific_enhancer/meme_out/meme.xml /ocean/projects/bio230007p/sujathab/Motif_analysis/output/meme_chip_mouse_specific_enhancer/mouse_specific_enhancer.fa
fimo ran successfully in 2.601514 seconds
Starting fimo: fimo --parse-genomic-coord --verbosity 1 --oc /ocean/projects/bio230007p/sujathab/Motif_analysis/output/meme_chip_mouse_specific_enhancer/fimo_out_4 --bgfile /ocean/projects/bio230007p/sujathab/Motif_analysis/output/meme_chip_mouse_specific_enhancer/background --motif 3-WRARYAAAYANW /ocean/projects/bio230007p/sujathab/Motif_analysis/output/meme_chip_mouse_specific_enhancer/streme_out/streme.xml /ocean/projects/bio230007p/sujathab/Motif_analysis/output/meme_chip_mouse_specific_enhancer/mouse_specific_enhancer.fa
fimo ran successfully in 2.195202 seconds
Starting fimo: fimo --parse-genomic-coord --verbosity 1 --oc /ocean/projects/bio230007p/sujathab/Motif_analysis/output/meme_chip_mouse_specific_enhancer/fimo_out_5 --bgfile /ocean/projects/bio230007p/sujathab/Motif_analysis/output/meme_chip_mouse_specific_enhancer/background --motif AGGYCAGCCTGGKCTACABA /ocean/projects/bio230007p/sujathab/Motif_analysis/output/meme_chip_mouse_specific_enhancer/meme_out/meme.xml /ocean/projects/bio230007p/sujathab/Motif_analysis/output/meme_chip_mouse_specific_enhancer/mouse_specific_enhancer.fa
fimo ran successfully in 2.444512 seconds
Starting fimo: fimo --parse-genomic-coord --verbosity 1 --oc /ocean/projects/bio230007p/sujathab/Motif_analysis/output/meme_chip_mouse_specific_enhancer/fimo_out_6 --bgfile /ocean/projects/bio230007p/sujathab/Motif_analysis/output/meme_chip_mouse_specific_enhancer/background --motif CTGCTCTTCCAGAGGWCC /ocean/projects/bio230007p/sujathab/Motif_analysis/output/meme_chip_mouse_specific_enhancer/meme_out/meme.xml /ocean/projects/bio230007p/sujathab/Motif_analysis/output/meme_chip_mouse_specific_enhancer/mouse_specific_enhancer.fa
fimo ran successfully in 2.408575 seconds
Starting fimo: fimo --parse-genomic-coord --verbosity 1 --oc /ocean/projects/bio230007p/sujathab/Motif_analysis/output/meme_chip_mouse_specific_enhancer/fimo_out_7 --bgfile /ocean/projects/bio230007p/sujathab/Motif_analysis/output/meme_chip_mouse_specific_enhancer/background --motif DAAAWAAAAAAAAAA /ocean/projects/bio230007p/sujathab/Motif_analysis/output/meme_chip_mouse_specific_enhancer/meme_out/meme.xml /ocean/projects/bio230007p/sujathab/Motif_analysis/output/meme_chip_mouse_specific_enhancer/mouse_specific_enhancer.fa
fimo ran successfully in 2.372542 seconds
Starting fimo: fimo --parse-genomic-coord --verbosity 1 --oc /ocean/projects/bio230007p/sujathab/Motif_analysis/output/meme_chip_mouse_specific_enhancer/fimo_out_8 --bgfile /ocean/projects/bio230007p/sujathab/Motif_analysis/output/meme_chip_mouse_specific_enhancer/background --motif 5-RTTRCGYAAY /ocean/projects/bio230007p/sujathab/Motif_analysis/output/meme_chip_mouse_specific_enhancer/streme_out/streme.xml /ocean/projects/bio230007p/sujathab/Motif_analysis/output/meme_chip_mouse_specific_enhancer/mouse_specific_enhancer.fa
fimo ran successfully in 2.118702 seconds
Starting fimo: fimo --parse-genomic-coord --verbosity 1 --oc /ocean/projects/bio230007p/sujathab/Motif_analysis/output/meme_chip_mouse_specific_enhancer/fimo_out_9 --bgfile /ocean/projects/bio230007p/sujathab/Motif_analysis/output/meme_chip_mouse_specific_enhancer/background --motif 6-CCTKTAAYYCCAGYWC /ocean/projects/bio230007p/sujathab/Motif_analysis/output/meme_chip_mouse_specific_enhancer/streme_out/streme.xml /ocean/projects/bio230007p/sujathab/Motif_analysis/output/meme_chip_mouse_specific_enhancer/mouse_specific_enhancer.fa
fimo ran successfully in 2.28059 seconds
Starting fimo: fimo --parse-genomic-coord --verbosity 1 --oc /ocean/projects/bio230007p/sujathab/Motif_analysis/output/meme_chip_mouse_specific_enhancer/fimo_out_10 --bgfile /ocean/projects/bio230007p/sujathab/Motif_analysis/output/meme_chip_mouse_specific_enhancer/background --motif 7-CCCCACCCCC /ocean/projects/bio230007p/sujathab/Motif_analysis/output/meme_chip_mouse_specific_enhancer/streme_out/streme.xml /ocean/projects/bio230007p/sujathab/Motif_analysis/output/meme_chip_mouse_specific_enhancer/mouse_specific_enhancer.fa
fimo ran successfully in 2.193181 seconds
Starting fimo: fimo --parse-genomic-coord --verbosity 1 --oc /ocean/projects/bio230007p/sujathab/Motif_analysis/output/meme_chip_mouse_specific_enhancer/fimo_out_11 --bgfile /ocean/projects/bio230007p/sujathab/Motif_analysis/output/meme_chip_mouse_specific_enhancer/background --motif 10-AAATCAATAN /ocean/projects/bio230007p/sujathab/Motif_analysis/output/meme_chip_mouse_specific_enhancer/streme_out/streme.xml /ocean/projects/bio230007p/sujathab/Motif_analysis/output/meme_chip_mouse_specific_enhancer/mouse_specific_enhancer.fa
fimo ran successfully in 2.105367 seconds
Starting fimo: fimo --parse-genomic-coord --verbosity 1 --oc /ocean/projects/bio230007p/sujathab/Motif_analysis/output/meme_chip_mouse_specific_enhancer/fimo_out_12 --bgfile /ocean/projects/bio230007p/sujathab/Motif_analysis/output/meme_chip_mouse_specific_enhancer/background --motif 11-CTGAGCCATCTCYCCAGCCC /ocean/projects/bio230007p/sujathab/Motif_analysis/output/meme_chip_mouse_specific_enhancer/streme_out/streme.xml /ocean/projects/bio230007p/sujathab/Motif_analysis/output/meme_chip_mouse_specific_enhancer/mouse_specific_enhancer.fa
fimo ran successfully in 2.468841 seconds
Starting fimo: fimo --parse-genomic-coord --verbosity 1 --oc /ocean/projects/bio230007p/sujathab/Motif_analysis/output/meme_chip_mouse_specific_enhancer/fimo_out_13 --bgfile /ocean/projects/bio230007p/sujathab/Motif_analysis/output/meme_chip_mouse_specific_enhancer/background --motif 12-WWCCCAG /ocean/projects/bio230007p/sujathab/Motif_analysis/output/meme_chip_mouse_specific_enhancer/streme_out/streme.xml /ocean/projects/bio230007p/sujathab/Motif_analysis/output/meme_chip_mouse_specific_enhancer/mouse_specific_enhancer.fa
fimo ran successfully in 2.032493 seconds
Starting fimo: fimo --parse-genomic-coord --verbosity 1 --oc /ocean/projects/bio230007p/sujathab/Motif_analysis/output/meme_chip_mouse_specific_enhancer/fimo_out_14 --bgfile /ocean/projects/bio230007p/sujathab/Motif_analysis/output/meme_chip_mouse_specific_enhancer/background --motif 13-GGCTCACAACCATCTGTAA /ocean/projects/bio230007p/sujathab/Motif_analysis/output/meme_chip_mouse_specific_enhancer/streme_out/streme.xml /ocean/projects/bio230007p/sujathab/Motif_analysis/output/meme_chip_mouse_specific_enhancer/mouse_specific_enhancer.fa
fimo ran successfully in 2.48755 seconds
Starting fimo: fimo --parse-genomic-coord --verbosity 1 --oc /ocean/projects/bio230007p/sujathab/Motif_analysis/output/meme_chip_mouse_specific_enhancer/fimo_out_15 --bgfile /ocean/projects/bio230007p/sujathab/Motif_analysis/output/meme_chip_mouse_specific_enhancer/background --motif 14-ACCATGTGGKTGCTGG /ocean/projects/bio230007p/sujathab/Motif_analysis/output/meme_chip_mouse_specific_enhancer/streme_out/streme.xml /ocean/projects/bio230007p/sujathab/Motif_analysis/output/meme_chip_mouse_specific_enhancer/mouse_specific_enhancer.fa
fimo ran successfully in 2.283297 seconds
Starting fimo: fimo --parse-genomic-coord --verbosity 1 --oc /ocean/projects/bio230007p/sujathab/Motif_analysis/output/meme_chip_mouse_specific_enhancer/fimo_out_16 --bgfile /ocean/projects/bio230007p/sujathab/Motif_analysis/output/meme_chip_mouse_specific_enhancer/background --motif 16-ACTTGGCA /ocean/projects/bio230007p/sujathab/Motif_analysis/output/meme_chip_mouse_specific_enhancer/streme_out/streme.xml /ocean/projects/bio230007p/sujathab/Motif_analysis/output/meme_chip_mouse_specific_enhancer/mouse_specific_enhancer.fa
fimo ran successfully in 2.091607 seconds
Starting fimo: fimo --parse-genomic-coord --verbosity 1 --oc /ocean/projects/bio230007p/sujathab/Motif_analysis/output/meme_chip_mouse_specific_enhancer/fimo_out_17 --bgfile /ocean/projects/bio230007p/sujathab/Motif_analysis/output/meme_chip_mouse_specific_enhancer/background --motif 17-AGGACTTTGDAC /ocean/projects/bio230007p/sujathab/Motif_analysis/output/meme_chip_mouse_specific_enhancer/streme_out/streme.xml /ocean/projects/bio230007p/sujathab/Motif_analysis/output/meme_chip_mouse_specific_enhancer/mouse_specific_enhancer.fa
fimo ran successfully in 2.280601 seconds
Starting fimo: fimo --parse-genomic-coord --verbosity 1 --oc /ocean/projects/bio230007p/sujathab/Motif_analysis/output/meme_chip_mouse_specific_enhancer/fimo_out_18 --bgfile /ocean/projects/bio230007p/sujathab/Motif_analysis/output/meme_chip_mouse_specific_enhancer/background --motif 18-ATGCAGTGCCCRYRGAGG /ocean/projects/bio230007p/sujathab/Motif_analysis/output/meme_chip_mouse_specific_enhancer/streme_out/streme.xml /ocean/projects/bio230007p/sujathab/Motif_analysis/output/meme_chip_mouse_specific_enhancer/mouse_specific_enhancer.fa
fimo ran successfully in 2.343414 seconds
Starting fimo: fimo --parse-genomic-coord --verbosity 1 --oc /ocean/projects/bio230007p/sujathab/Motif_analysis/output/meme_chip_mouse_specific_enhancer/fimo_out_19 --bgfile /ocean/projects/bio230007p/sujathab/Motif_analysis/output/meme_chip_mouse_specific_enhancer/background --motif 19-GAGGGAGRGAGGRAGRGRR /ocean/projects/bio230007p/sujathab/Motif_analysis/output/meme_chip_mouse_specific_enhancer/streme_out/streme.xml /ocean/projects/bio230007p/sujathab/Motif_analysis/output/meme_chip_mouse_specific_enhancer/mouse_specific_enhancer.fa
fimo ran successfully in 2.582091 seconds
Starting fimo: fimo --parse-genomic-coord --verbosity 1 --oc /ocean/projects/bio230007p/sujathab/Motif_analysis/output/meme_chip_mouse_specific_enhancer/fimo_out_20 --bgfile /ocean/projects/bio230007p/sujathab/Motif_analysis/output/meme_chip_mouse_specific_enhancer/background --motif 20-GAGGCAGAGGCAG /ocean/projects/bio230007p/sujathab/Motif_analysis/output/meme_chip_mouse_specific_enhancer/streme_out/streme.xml /ocean/projects/bio230007p/sujathab/Motif_analysis/output/meme_chip_mouse_specific_enhancer/mouse_specific_enhancer.fa
fimo ran successfully in 2.231879 seconds
Starting fimo: fimo --parse-genomic-coord --verbosity 1 --oc /ocean/projects/bio230007p/sujathab/Motif_analysis/output/meme_chip_mouse_specific_enhancer/fimo_out_21 --bgfile /ocean/projects/bio230007p/sujathab/Motif_analysis/output/meme_chip_mouse_specific_enhancer/background --motif 21-CACWGTG /ocean/projects/bio230007p/sujathab/Motif_analysis/output/meme_chip_mouse_specific_enhancer/streme_out/streme.xml /ocean/projects/bio230007p/sujathab/Motif_analysis/output/meme_chip_mouse_specific_enhancer/mouse_specific_enhancer.fa
fimo ran successfully in 2.105138 seconds
Starting meme-chip_html_to_tsv: meme-chip_html_to_tsv /ocean/projects/bio230007p/sujathab/Motif_analysis/output/meme_chip_mouse_specific_enhancer/meme-chip.html /ocean/projects/bio230007p/sujathab/Motif_analysis/output/meme_chip_mouse_specific_enhancer/summary.tsv "meme-chip -oc /ocean/projects/bio230007p/sujathab/Motif_analysis/output/meme_chip_mouse_specific_enhancer -maxw 20 -meme-nmotifs 10 -meme-p 4 -db /ocean/projects/bio230007p/sujathab/motif_dbs/JASPAR2026_vertebrates_combined.meme /ocean/projects/bio230007p/sujathab/Motif_analysis/output/fastas/mouse_specific_enhancer.fa" 5.4.1 "Sat Aug 21 19\:23\:23 2021 -0700"
meme-chip_html_to_tsv ran successfully in 0.120567 seconds
