Starting getsize: getsize /ocean/projects/bio230007p/sujathab/Motif_analysis/output/meme_chip_shared_enhancer/shared_enhancer.fa 1> $metrics
getsize ran successfully in 0.075149 seconds
Starting fasta-most: fasta-most -min 50 < /ocean/projects/bio230007p/sujathab/Motif_analysis/output/meme_chip_shared_enhancer/shared_enhancer.fa 1> $metrics
fasta-most ran successfully in 0.067327 seconds
Starting fasta-center: fasta-center -dna -len 100 < /ocean/projects/bio230007p/sujathab/Motif_analysis/output/meme_chip_shared_enhancer/shared_enhancer.fa 1> /ocean/projects/bio230007p/sujathab/Motif_analysis/output/meme_chip_shared_enhancer/seqs-centered
fasta-center ran successfully in 0.097099 seconds
Starting fasta-get-markov: fasta-get-markov -nostatus -nosummary -dna -m 2 /ocean/projects/bio230007p/sujathab/Motif_analysis/output/meme_chip_shared_enhancer/shared_enhancer.fa /ocean/projects/bio230007p/sujathab/Motif_analysis/output/meme_chip_shared_enhancer/background
fasta-get-markov ran successfully in 0.211608 seconds
Starting meme: meme /ocean/projects/bio230007p/sujathab/Motif_analysis/output/meme_chip_shared_enhancer/seqs-centered -oc /ocean/projects/bio230007p/sujathab/Motif_analysis/output/meme_chip_shared_enhancer/meme_out -mod zoops -nmotifs 10 -minw 6 -maxw 20 -bfile /ocean/projects/bio230007p/sujathab/Motif_analysis/output/meme_chip_shared_enhancer/background -dna -p 4 -revcomp -nostatus
meme ran successfully in 822.973363 seconds
Starting streme: streme --verbosity 1 --oc /ocean/projects/bio230007p/sujathab/Motif_analysis/output/meme_chip_shared_enhancer/streme_out -dna --p /ocean/projects/bio230007p/sujathab/Motif_analysis/output/meme_chip_shared_enhancer/seqs-centered --minw 6 --maxw 20 --order 2
streme ran successfully in 357.334607 seconds
Starting centrimo: centrimo -seqlen 200 -verbosity 1 -oc /ocean/projects/bio230007p/sujathab/Motif_analysis/output/meme_chip_shared_enhancer/centrimo_out -bfile /ocean/projects/bio230007p/sujathab/Motif_analysis/output/meme_chip_shared_enhancer/background /ocean/projects/bio230007p/sujathab/Motif_analysis/output/meme_chip_shared_enhancer/shared_enhancer.fa /ocean/projects/bio230007p/sujathab/Motif_analysis/output/meme_chip_shared_enhancer/meme_out/meme.xml /ocean/projects/bio230007p/sujathab/Motif_analysis/output/meme_chip_shared_enhancer/streme_out/streme.xml /ocean/projects/bio230007p/sujathab/motif_dbs/JASPAR2026_vertebrates_combined.meme
Bad file name.
Bad file name.
Bad file name.
Bad file name.
Bad file name.
Bad file name.
Bad file name.
Bad file name.
Bad file name.
Bad file name.
Bad file name.
Bad file name.
Bad file name.
Bad file name.
Bad file name.
FATAL: Template does not contain data section.

centrimo exited with error code 1
Starting tomtom: tomtom -verbosity 1 -oc /ocean/projects/bio230007p/sujathab/Motif_analysis/output/meme_chip_shared_enhancer/meme_tomtom_out -min-overlap 5 -dist pearson -evalue -thresh 1 -no-ssc /ocean/projects/bio230007p/sujathab/Motif_analysis/output/meme_chip_shared_enhancer/meme_out/meme.xml /ocean/projects/bio230007p/sujathab/motif_dbs/JASPAR2026_vertebrates_combined.meme
tomtom ran successfully in 22.744477 seconds
Starting tomtom: tomtom -verbosity 1 -oc /ocean/projects/bio230007p/sujathab/Motif_analysis/output/meme_chip_shared_enhancer/streme_tomtom_out -min-overlap 5 -dist pearson -evalue -thresh 1 -no-ssc /ocean/projects/bio230007p/sujathab/Motif_analysis/output/meme_chip_shared_enhancer/streme_out/streme.xml /ocean/projects/bio230007p/sujathab/motif_dbs/JASPAR2026_vertebrates_combined.meme
tomtom ran successfully in 10.363967 seconds
Starting tomtom: tomtom -verbosity 1 -text -thresh 0.1 /ocean/projects/bio230007p/sujathab/Motif_analysis/output/meme_chip_shared_enhancer/combined.meme /ocean/projects/bio230007p/sujathab/Motif_analysis/output/meme_chip_shared_enhancer/combined.meme 1> /ocean/projects/bio230007p/sujathab/Motif_analysis/output/meme_chip_shared_enhancer/motif_alignment.txt
tomtom ran successfully in 0.232336 seconds
Starting spamo: spamo -verbosity 1 -oc /ocean/projects/bio230007p/sujathab/Motif_analysis/output/meme_chip_shared_enhancer/spamo_out_1 -bgfile /ocean/projects/bio230007p/sujathab/Motif_analysis/output/meme_chip_shared_enhancer/background -keepprimary -primary RSYGCCMYCTRSTGG /ocean/projects/bio230007p/sujathab/Motif_analysis/output/meme_chip_shared_enhancer/shared_enhancer.fa /ocean/projects/bio230007p/sujathab/Motif_analysis/output/meme_chip_shared_enhancer/meme_out/meme.xml /ocean/projects/bio230007p/sujathab/Motif_analysis/output/meme_chip_shared_enhancer/meme_out/meme.xml /ocean/projects/bio230007p/sujathab/Motif_analysis/output/meme_chip_shared_enhancer/streme_out/streme.xml
spamo exited with error code 1
Starting spamo: spamo -verbosity 1 -oc /ocean/projects/bio230007p/sujathab/Motif_analysis/output/meme_chip_shared_enhancer/spamo_out_1 -bgfile /ocean/projects/bio230007p/sujathab/Motif_analysis/output/meme_chip_shared_enhancer/background -keepprimary -primary TTTTTTTTTTTTTTT /ocean/projects/bio230007p/sujathab/Motif_analysis/output/meme_chip_shared_enhancer/shared_enhancer.fa /ocean/projects/bio230007p/sujathab/Motif_analysis/output/meme_chip_shared_enhancer/meme_out/meme.xml /ocean/projects/bio230007p/sujathab/Motif_analysis/output/meme_chip_shared_enhancer/meme_out/meme.xml /ocean/projects/bio230007p/sujathab/Motif_analysis/output/meme_chip_shared_enhancer/streme_out/streme.xml
spamo exited with error code 1
Starting spamo: spamo -verbosity 1 -oc /ocean/projects/bio230007p/sujathab/Motif_analysis/output/meme_chip_shared_enhancer/spamo_out_1 -bgfile /ocean/projects/bio230007p/sujathab/Motif_analysis/output/meme_chip_shared_enhancer/background -keepprimary -primary TGTGTGTGTGTGTGTGTGTG /ocean/projects/bio230007p/sujathab/Motif_analysis/output/meme_chip_shared_enhancer/shared_enhancer.fa /ocean/projects/bio230007p/sujathab/Motif_analysis/output/meme_chip_shared_enhancer/meme_out/meme.xml /ocean/projects/bio230007p/sujathab/Motif_analysis/output/meme_chip_shared_enhancer/meme_out/meme.xml /ocean/projects/bio230007p/sujathab/Motif_analysis/output/meme_chip_shared_enhancer/streme_out/streme.xml
spamo exited with error code 1
Starting spamo: spamo -verbosity 1 -oc /ocean/projects/bio230007p/sujathab/Motif_analysis/output/meme_chip_shared_enhancer/spamo_out_1 -bgfile /ocean/projects/bio230007p/sujathab/Motif_analysis/output/meme_chip_shared_enhancer/background -keepprimary -primary CCNCCSCSCCCSCCSMCSCC /ocean/projects/bio230007p/sujathab/Motif_analysis/output/meme_chip_shared_enhancer/shared_enhancer.fa /ocean/projects/bio230007p/sujathab/Motif_analysis/output/meme_chip_shared_enhancer/meme_out/meme.xml /ocean/projects/bio230007p/sujathab/Motif_analysis/output/meme_chip_shared_enhancer/meme_out/meme.xml /ocean/projects/bio230007p/sujathab/Motif_analysis/output/meme_chip_shared_enhancer/streme_out/streme.xml
spamo exited with error code 1
Starting fimo: fimo --parse-genomic-coord --verbosity 1 --oc /ocean/projects/bio230007p/sujathab/Motif_analysis/output/meme_chip_shared_enhancer/fimo_out_1 --bgfile /ocean/projects/bio230007p/sujathab/Motif_analysis/output/meme_chip_shared_enhancer/background --motif RSYGCCMYCTRSTGG /ocean/projects/bio230007p/sujathab/Motif_analysis/output/meme_chip_shared_enhancer/meme_out/meme.xml /ocean/projects/bio230007p/sujathab/Motif_analysis/output/meme_chip_shared_enhancer/shared_enhancer.fa
fimo ran successfully in 0.474633 seconds
Starting fimo: fimo --parse-genomic-coord --verbosity 1 --oc /ocean/projects/bio230007p/sujathab/Motif_analysis/output/meme_chip_shared_enhancer/fimo_out_2 --bgfile /ocean/projects/bio230007p/sujathab/Motif_analysis/output/meme_chip_shared_enhancer/background --motif TTTTTTTTTTTTTTT /ocean/projects/bio230007p/sujathab/Motif_analysis/output/meme_chip_shared_enhancer/meme_out/meme.xml /ocean/projects/bio230007p/sujathab/Motif_analysis/output/meme_chip_shared_enhancer/shared_enhancer.fa
fimo ran successfully in 0.485907 seconds
Starting fimo: fimo --parse-genomic-coord --verbosity 1 --oc /ocean/projects/bio230007p/sujathab/Motif_analysis/output/meme_chip_shared_enhancer/fimo_out_3 --bgfile /ocean/projects/bio230007p/sujathab/Motif_analysis/output/meme_chip_shared_enhancer/background --motif TGTGTGTGTGTGTGTGTGTG /ocean/projects/bio230007p/sujathab/Motif_analysis/output/meme_chip_shared_enhancer/meme_out/meme.xml /ocean/projects/bio230007p/sujathab/Motif_analysis/output/meme_chip_shared_enhancer/shared_enhancer.fa
fimo ran successfully in 0.48735 seconds
Starting fimo: fimo --parse-genomic-coord --verbosity 1 --oc /ocean/projects/bio230007p/sujathab/Motif_analysis/output/meme_chip_shared_enhancer/fimo_out_4 --bgfile /ocean/projects/bio230007p/sujathab/Motif_analysis/output/meme_chip_shared_enhancer/background --motif CCNCCSCSCCCSCCSMCSCC /ocean/projects/bio230007p/sujathab/Motif_analysis/output/meme_chip_shared_enhancer/meme_out/meme.xml /ocean/projects/bio230007p/sujathab/Motif_analysis/output/meme_chip_shared_enhancer/shared_enhancer.fa
fimo ran successfully in 0.496563 seconds
Starting meme-chip_html_to_tsv: meme-chip_html_to_tsv /ocean/projects/bio230007p/sujathab/Motif_analysis/output/meme_chip_shared_enhancer/meme-chip.html /ocean/projects/bio230007p/sujathab/Motif_analysis/output/meme_chip_shared_enhancer/summary.tsv "meme-chip -oc /ocean/projects/bio230007p/sujathab/Motif_analysis/output/meme_chip_shared_enhancer -maxw 20 -meme-nmotifs 10 -meme-p 4 -db /ocean/projects/bio230007p/sujathab/motif_dbs/JASPAR2026_vertebrates_combined.meme /ocean/projects/bio230007p/sujathab/Motif_analysis/output/fastas/shared_enhancer.fa" 5.4.1 "Sat Aug 21 19\:23\:23 2021 -0700"
meme-chip_html_to_tsv ran successfully in 0.087189 seconds
