Starting getsize: getsize /ocean/projects/bio230007p/sujathab/Motif_analysis/output/meme_chip_human_specific_enhancer/human_specific_enhancer.fa 1> $metrics
getsize ran successfully in 0.060349 seconds
Starting fasta-most: fasta-most -min 50 < /ocean/projects/bio230007p/sujathab/Motif_analysis/output/meme_chip_human_specific_enhancer/human_specific_enhancer.fa 1> $metrics
fasta-most ran successfully in 0.1052 seconds
Starting fasta-center: fasta-center -dna -len 100 < /ocean/projects/bio230007p/sujathab/Motif_analysis/output/meme_chip_human_specific_enhancer/human_specific_enhancer.fa 1> /ocean/projects/bio230007p/sujathab/Motif_analysis/output/meme_chip_human_specific_enhancer/seqs-centered
fasta-center ran successfully in 0.180592 seconds
Starting fasta-get-markov: fasta-get-markov -nostatus -nosummary -dna -m 2 /ocean/projects/bio230007p/sujathab/Motif_analysis/output/meme_chip_human_specific_enhancer/human_specific_enhancer.fa /ocean/projects/bio230007p/sujathab/Motif_analysis/output/meme_chip_human_specific_enhancer/background
fasta-get-markov ran successfully in 0.047784 seconds
Starting meme: meme /ocean/projects/bio230007p/sujathab/Motif_analysis/output/meme_chip_human_specific_enhancer/seqs-centered -oc /ocean/projects/bio230007p/sujathab/Motif_analysis/output/meme_chip_human_specific_enhancer/meme_out -mod zoops -nmotifs 10 -minw 6 -maxw 20 -bfile /ocean/projects/bio230007p/sujathab/Motif_analysis/output/meme_chip_human_specific_enhancer/background -dna -p 4 -revcomp -nostatus
meme ran successfully in 1042.701714 seconds
Starting streme: streme --verbosity 1 --oc /ocean/projects/bio230007p/sujathab/Motif_analysis/output/meme_chip_human_specific_enhancer/streme_out -dna --p /ocean/projects/bio230007p/sujathab/Motif_analysis/output/meme_chip_human_specific_enhancer/seqs-centered --minw 6 --maxw 20 --order 2
streme ran successfully in 2125.637276 seconds
Starting centrimo: centrimo -seqlen 200 -verbosity 1 -oc /ocean/projects/bio230007p/sujathab/Motif_analysis/output/meme_chip_human_specific_enhancer/centrimo_out -bfile /ocean/projects/bio230007p/sujathab/Motif_analysis/output/meme_chip_human_specific_enhancer/background /ocean/projects/bio230007p/sujathab/Motif_analysis/output/meme_chip_human_specific_enhancer/human_specific_enhancer.fa /ocean/projects/bio230007p/sujathab/Motif_analysis/output/meme_chip_human_specific_enhancer/meme_out/meme.xml /ocean/projects/bio230007p/sujathab/Motif_analysis/output/meme_chip_human_specific_enhancer/streme_out/streme.xml /ocean/projects/bio230007p/sujathab/motif_dbs/JASPAR2026_vertebrates_combined.meme
Bad file name.
Bad file name.
Bad file name.
Bad file name.
Bad file name.
Bad file name.
Bad file name.
Bad file name.
Bad file name.
Bad file name.
Bad file name.
Bad file name.
Bad file name.
Bad file name.
Bad file name.
FATAL: Template does not contain data section.

centrimo exited with error code 1
Starting tomtom: tomtom -verbosity 1 -oc /ocean/projects/bio230007p/sujathab/Motif_analysis/output/meme_chip_human_specific_enhancer/meme_tomtom_out -min-overlap 5 -dist pearson -evalue -thresh 1 -no-ssc /ocean/projects/bio230007p/sujathab/Motif_analysis/output/meme_chip_human_specific_enhancer/meme_out/meme.xml /ocean/projects/bio230007p/sujathab/motif_dbs/JASPAR2026_vertebrates_combined.meme
tomtom ran successfully in 24.382222 seconds
Starting tomtom: tomtom -verbosity 1 -oc /ocean/projects/bio230007p/sujathab/Motif_analysis/output/meme_chip_human_specific_enhancer/streme_tomtom_out -min-overlap 5 -dist pearson -evalue -thresh 1 -no-ssc /ocean/projects/bio230007p/sujathab/Motif_analysis/output/meme_chip_human_specific_enhancer/streme_out/streme.xml /ocean/projects/bio230007p/sujathab/motif_dbs/JASPAR2026_vertebrates_combined.meme
tomtom ran successfully in 29.059704 seconds
Starting tomtom: tomtom -verbosity 1 -text -thresh 0.1 /ocean/projects/bio230007p/sujathab/Motif_analysis/output/meme_chip_human_specific_enhancer/combined.meme /ocean/projects/bio230007p/sujathab/Motif_analysis/output/meme_chip_human_specific_enhancer/combined.meme 1> /ocean/projects/bio230007p/sujathab/Motif_analysis/output/meme_chip_human_specific_enhancer/motif_alignment.txt
tomtom ran successfully in 0.42293 seconds
Starting spamo: spamo -verbosity 1 -oc /ocean/projects/bio230007p/sujathab/Motif_analysis/output/meme_chip_human_specific_enhancer/spamo_out_1 -bgfile /ocean/projects/bio230007p/sujathab/Motif_analysis/output/meme_chip_human_specific_enhancer/background -keepprimary -primary TTTKTTTTTBTTTTTTTTTT /ocean/projects/bio230007p/sujathab/Motif_analysis/output/meme_chip_human_specific_enhancer/human_specific_enhancer.fa /ocean/projects/bio230007p/sujathab/Motif_analysis/output/meme_chip_human_specific_enhancer/meme_out/meme.xml /ocean/projects/bio230007p/sujathab/Motif_analysis/output/meme_chip_human_specific_enhancer/meme_out/meme.xml /ocean/projects/bio230007p/sujathab/Motif_analysis/output/meme_chip_human_specific_enhancer/streme_out/streme.xml
spamo exited with error code 1
Starting spamo: spamo -verbosity 1 -oc /ocean/projects/bio230007p/sujathab/Motif_analysis/output/meme_chip_human_specific_enhancer/spamo_out_1 -bgfile /ocean/projects/bio230007p/sujathab/Motif_analysis/output/meme_chip_human_specific_enhancer/background -keepprimary -primary GGGGGGGKGGGGGGGGGGGG /ocean/projects/bio230007p/sujathab/Motif_analysis/output/meme_chip_human_specific_enhancer/human_specific_enhancer.fa /ocean/projects/bio230007p/sujathab/Motif_analysis/output/meme_chip_human_specific_enhancer/meme_out/meme.xml /ocean/projects/bio230007p/sujathab/Motif_analysis/output/meme_chip_human_specific_enhancer/meme_out/meme.xml /ocean/projects/bio230007p/sujathab/Motif_analysis/output/meme_chip_human_specific_enhancer/streme_out/streme.xml
spamo exited with error code 1
Starting spamo: spamo -verbosity 1 -oc /ocean/projects/bio230007p/sujathab/Motif_analysis/output/meme_chip_human_specific_enhancer/spamo_out_1 -bgfile /ocean/projects/bio230007p/sujathab/Motif_analysis/output/meme_chip_human_specific_enhancer/background -keepprimary -primary CACACACACACACACACACA /ocean/projects/bio230007p/sujathab/Motif_analysis/output/meme_chip_human_specific_enhancer/human_specific_enhancer.fa /ocean/projects/bio230007p/sujathab/Motif_analysis/output/meme_chip_human_specific_enhancer/meme_out/meme.xml /ocean/projects/bio230007p/sujathab/Motif_analysis/output/meme_chip_human_specific_enhancer/meme_out/meme.xml /ocean/projects/bio230007p/sujathab/Motif_analysis/output/meme_chip_human_specific_enhancer/streme_out/streme.xml
spamo exited with error code 1
Starting spamo: spamo -verbosity 1 -oc /ocean/projects/bio230007p/sujathab/Motif_analysis/output/meme_chip_human_specific_enhancer/spamo_out_1 -bgfile /ocean/projects/bio230007p/sujathab/Motif_analysis/output/meme_chip_human_specific_enhancer/background -keepprimary -primary RCCACYAGRKGGCRS /ocean/projects/bio230007p/sujathab/Motif_analysis/output/meme_chip_human_specific_enhancer/human_specific_enhancer.fa /ocean/projects/bio230007p/sujathab/Motif_analysis/output/meme_chip_human_specific_enhancer/meme_out/meme.xml /ocean/projects/bio230007p/sujathab/Motif_analysis/output/meme_chip_human_specific_enhancer/meme_out/meme.xml /ocean/projects/bio230007p/sujathab/Motif_analysis/output/meme_chip_human_specific_enhancer/streme_out/streme.xml
spamo exited with error code 1
Starting spamo: spamo -verbosity 1 -oc /ocean/projects/bio230007p/sujathab/Motif_analysis/output/meme_chip_human_specific_enhancer/spamo_out_1 -bgfile /ocean/projects/bio230007p/sujathab/Motif_analysis/output/meme_chip_human_specific_enhancer/background -keepprimary -primary 2-AGGAARY /ocean/projects/bio230007p/sujathab/Motif_analysis/output/meme_chip_human_specific_enhancer/human_specific_enhancer.fa /ocean/projects/bio230007p/sujathab/Motif_analysis/output/meme_chip_human_specific_enhancer/streme_out/streme.xml /ocean/projects/bio230007p/sujathab/Motif_analysis/output/meme_chip_human_specific_enhancer/meme_out/meme.xml /ocean/projects/bio230007p/sujathab/Motif_analysis/output/meme_chip_human_specific_enhancer/streme_out/streme.xml
spamo exited with error code 1
Starting spamo: spamo -verbosity 1 -oc /ocean/projects/bio230007p/sujathab/Motif_analysis/output/meme_chip_human_specific_enhancer/spamo_out_1 -bgfile /ocean/projects/bio230007p/sujathab/Motif_analysis/output/meme_chip_human_specific_enhancer/background -keepprimary -primary 4-WRYAAAYA /ocean/projects/bio230007p/sujathab/Motif_analysis/output/meme_chip_human_specific_enhancer/human_specific_enhancer.fa /ocean/projects/bio230007p/sujathab/Motif_analysis/output/meme_chip_human_specific_enhancer/streme_out/streme.xml /ocean/projects/bio230007p/sujathab/Motif_analysis/output/meme_chip_human_specific_enhancer/meme_out/meme.xml /ocean/projects/bio230007p/sujathab/Motif_analysis/output/meme_chip_human_specific_enhancer/streme_out/streme.xml
spamo exited with error code 1
Starting spamo: spamo -verbosity 1 -oc /ocean/projects/bio230007p/sujathab/Motif_analysis/output/meme_chip_human_specific_enhancer/spamo_out_1 -bgfile /ocean/projects/bio230007p/sujathab/Motif_analysis/output/meme_chip_human_specific_enhancer/background -keepprimary -primary 5-AAGTCA /ocean/projects/bio230007p/sujathab/Motif_analysis/output/meme_chip_human_specific_enhancer/human_specific_enhancer.fa /ocean/projects/bio230007p/sujathab/Motif_analysis/output/meme_chip_human_specific_enhancer/streme_out/streme.xml /ocean/projects/bio230007p/sujathab/Motif_analysis/output/meme_chip_human_specific_enhancer/meme_out/meme.xml /ocean/projects/bio230007p/sujathab/Motif_analysis/output/meme_chip_human_specific_enhancer/streme_out/streme.xml
spamo exited with error code 1
Starting spamo: spamo -verbosity 1 -oc /ocean/projects/bio230007p/sujathab/Motif_analysis/output/meme_chip_human_specific_enhancer/spamo_out_1 -bgfile /ocean/projects/bio230007p/sujathab/Motif_analysis/output/meme_chip_human_specific_enhancer/background -keepprimary -primary 6-TMCCCA /ocean/projects/bio230007p/sujathab/Motif_analysis/output/meme_chip_human_specific_enhancer/human_specific_enhancer.fa /ocean/projects/bio230007p/sujathab/Motif_analysis/output/meme_chip_human_specific_enhancer/streme_out/streme.xml /ocean/projects/bio230007p/sujathab/Motif_analysis/output/meme_chip_human_specific_enhancer/meme_out/meme.xml /ocean/projects/bio230007p/sujathab/Motif_analysis/output/meme_chip_human_specific_enhancer/streme_out/streme.xml
spamo exited with error code 1
Starting spamo: spamo -verbosity 1 -oc /ocean/projects/bio230007p/sujathab/Motif_analysis/output/meme_chip_human_specific_enhancer/spamo_out_1 -bgfile /ocean/projects/bio230007p/sujathab/Motif_analysis/output/meme_chip_human_specific_enhancer/background -keepprimary -primary 7-AGCAAAG /ocean/projects/bio230007p/sujathab/Motif_analysis/output/meme_chip_human_specific_enhancer/human_specific_enhancer.fa /ocean/projects/bio230007p/sujathab/Motif_analysis/output/meme_chip_human_specific_enhancer/streme_out/streme.xml /ocean/projects/bio230007p/sujathab/Motif_analysis/output/meme_chip_human_specific_enhancer/meme_out/meme.xml /ocean/projects/bio230007p/sujathab/Motif_analysis/output/meme_chip_human_specific_enhancer/streme_out/streme.xml
spamo exited with error code 1
Starting fimo: fimo --parse-genomic-coord --verbosity 1 --oc /ocean/projects/bio230007p/sujathab/Motif_analysis/output/meme_chip_human_specific_enhancer/fimo_out_1 --bgfile /ocean/projects/bio230007p/sujathab/Motif_analysis/output/meme_chip_human_specific_enhancer/background --motif TTTKTTTTTBTTTTTTTTTT /ocean/projects/bio230007p/sujathab/Motif_analysis/output/meme_chip_human_specific_enhancer/meme_out/meme.xml /ocean/projects/bio230007p/sujathab/Motif_analysis/output/meme_chip_human_specific_enhancer/human_specific_enhancer.fa
fimo ran successfully in 1.370143 seconds
Starting fimo: fimo --parse-genomic-coord --verbosity 1 --oc /ocean/projects/bio230007p/sujathab/Motif_analysis/output/meme_chip_human_specific_enhancer/fimo_out_2 --bgfile /ocean/projects/bio230007p/sujathab/Motif_analysis/output/meme_chip_human_specific_enhancer/background --motif GGGGGGGKGGGGGGGGGGGG /ocean/projects/bio230007p/sujathab/Motif_analysis/output/meme_chip_human_specific_enhancer/meme_out/meme.xml /ocean/projects/bio230007p/sujathab/Motif_analysis/output/meme_chip_human_specific_enhancer/human_specific_enhancer.fa
fimo ran successfully in 1.323987 seconds
Starting fimo: fimo --parse-genomic-coord --verbosity 1 --oc /ocean/projects/bio230007p/sujathab/Motif_analysis/output/meme_chip_human_specific_enhancer/fimo_out_3 --bgfile /ocean/projects/bio230007p/sujathab/Motif_analysis/output/meme_chip_human_specific_enhancer/background --motif CACACACACACACACACACA /ocean/projects/bio230007p/sujathab/Motif_analysis/output/meme_chip_human_specific_enhancer/meme_out/meme.xml /ocean/projects/bio230007p/sujathab/Motif_analysis/output/meme_chip_human_specific_enhancer/human_specific_enhancer.fa
fimo ran successfully in 1.387465 seconds
Starting fimo: fimo --parse-genomic-coord --verbosity 1 --oc /ocean/projects/bio230007p/sujathab/Motif_analysis/output/meme_chip_human_specific_enhancer/fimo_out_4 --bgfile /ocean/projects/bio230007p/sujathab/Motif_analysis/output/meme_chip_human_specific_enhancer/background --motif RCCACYAGRKGGCRS /ocean/projects/bio230007p/sujathab/Motif_analysis/output/meme_chip_human_specific_enhancer/meme_out/meme.xml /ocean/projects/bio230007p/sujathab/Motif_analysis/output/meme_chip_human_specific_enhancer/human_specific_enhancer.fa
fimo ran successfully in 1.216314 seconds
Starting fimo: fimo --parse-genomic-coord --verbosity 1 --oc /ocean/projects/bio230007p/sujathab/Motif_analysis/output/meme_chip_human_specific_enhancer/fimo_out_5 --bgfile /ocean/projects/bio230007p/sujathab/Motif_analysis/output/meme_chip_human_specific_enhancer/background --motif 2-AGGAARY /ocean/projects/bio230007p/sujathab/Motif_analysis/output/meme_chip_human_specific_enhancer/streme_out/streme.xml /ocean/projects/bio230007p/sujathab/Motif_analysis/output/meme_chip_human_specific_enhancer/human_specific_enhancer.fa
fimo ran successfully in 1.413595 seconds
Starting fimo: fimo --parse-genomic-coord --verbosity 1 --oc /ocean/projects/bio230007p/sujathab/Motif_analysis/output/meme_chip_human_specific_enhancer/fimo_out_6 --bgfile /ocean/projects/bio230007p/sujathab/Motif_analysis/output/meme_chip_human_specific_enhancer/background --motif 4-WRYAAAYA /ocean/projects/bio230007p/sujathab/Motif_analysis/output/meme_chip_human_specific_enhancer/streme_out/streme.xml /ocean/projects/bio230007p/sujathab/Motif_analysis/output/meme_chip_human_specific_enhancer/human_specific_enhancer.fa
fimo ran successfully in 1.131781 seconds
Starting fimo: fimo --parse-genomic-coord --verbosity 1 --oc /ocean/projects/bio230007p/sujathab/Motif_analysis/output/meme_chip_human_specific_enhancer/fimo_out_7 --bgfile /ocean/projects/bio230007p/sujathab/Motif_analysis/output/meme_chip_human_specific_enhancer/background --motif 5-AAGTCA /ocean/projects/bio230007p/sujathab/Motif_analysis/output/meme_chip_human_specific_enhancer/streme_out/streme.xml /ocean/projects/bio230007p/sujathab/Motif_analysis/output/meme_chip_human_specific_enhancer/human_specific_enhancer.fa
fimo ran successfully in 1.098333 seconds
Starting fimo: fimo --parse-genomic-coord --verbosity 1 --oc /ocean/projects/bio230007p/sujathab/Motif_analysis/output/meme_chip_human_specific_enhancer/fimo_out_8 --bgfile /ocean/projects/bio230007p/sujathab/Motif_analysis/output/meme_chip_human_specific_enhancer/background --motif 6-TMCCCA /ocean/projects/bio230007p/sujathab/Motif_analysis/output/meme_chip_human_specific_enhancer/streme_out/streme.xml /ocean/projects/bio230007p/sujathab/Motif_analysis/output/meme_chip_human_specific_enhancer/human_specific_enhancer.fa
fimo ran successfully in 1.085439 seconds
Starting fimo: fimo --parse-genomic-coord --verbosity 1 --oc /ocean/projects/bio230007p/sujathab/Motif_analysis/output/meme_chip_human_specific_enhancer/fimo_out_9 --bgfile /ocean/projects/bio230007p/sujathab/Motif_analysis/output/meme_chip_human_specific_enhancer/background --motif 7-AGCAAAG /ocean/projects/bio230007p/sujathab/Motif_analysis/output/meme_chip_human_specific_enhancer/streme_out/streme.xml /ocean/projects/bio230007p/sujathab/Motif_analysis/output/meme_chip_human_specific_enhancer/human_specific_enhancer.fa
fimo ran successfully in 1.089626 seconds
Starting meme-chip_html_to_tsv: meme-chip_html_to_tsv /ocean/projects/bio230007p/sujathab/Motif_analysis/output/meme_chip_human_specific_enhancer/meme-chip.html /ocean/projects/bio230007p/sujathab/Motif_analysis/output/meme_chip_human_specific_enhancer/summary.tsv "meme-chip -oc /ocean/projects/bio230007p/sujathab/Motif_analysis/output/meme_chip_human_specific_enhancer -maxw 20 -meme-nmotifs 10 -meme-p 4 -db /ocean/projects/bio230007p/sujathab/motif_dbs/JASPAR2026_vertebrates_combined.meme /ocean/projects/bio230007p/sujathab/Motif_analysis/output/fastas/human_specific_enhancer.fa" 5.4.1 "Sat Aug 21 19\:23\:23 2021 -0700"
meme-chip_html_to_tsv ran successfully in 0.117908 seconds
