Starting getsize: getsize /ocean/projects/bio230007p/sujathab/Motif_analysis/output/meme_chip_human_promoter/human_promoter.fa 1> $metrics
getsize ran successfully in 0.117162 seconds
Starting fasta-most: fasta-most -min 50 < /ocean/projects/bio230007p/sujathab/Motif_analysis/output/meme_chip_human_promoter/human_promoter.fa 1> $metrics
fasta-most ran successfully in 0.075121 seconds
Starting fasta-center: fasta-center -dna -len 100 < /ocean/projects/bio230007p/sujathab/Motif_analysis/output/meme_chip_human_promoter/human_promoter.fa 1> /ocean/projects/bio230007p/sujathab/Motif_analysis/output/meme_chip_human_promoter/seqs-centered
fasta-center ran successfully in 0.1952 seconds
Starting fasta-get-markov: fasta-get-markov -nostatus -nosummary -dna -m 2 /ocean/projects/bio230007p/sujathab/Motif_analysis/output/meme_chip_human_promoter/human_promoter.fa /ocean/projects/bio230007p/sujathab/Motif_analysis/output/meme_chip_human_promoter/background
fasta-get-markov ran successfully in 0.041168 seconds
Starting meme: meme /ocean/projects/bio230007p/sujathab/Motif_analysis/output/meme_chip_human_promoter/seqs-centered -oc /ocean/projects/bio230007p/sujathab/Motif_analysis/output/meme_chip_human_promoter/meme_out -mod zoops -nmotifs 10 -minw 6 -maxw 20 -bfile /ocean/projects/bio230007p/sujathab/Motif_analysis/output/meme_chip_human_promoter/background -dna -p 4 -revcomp -nostatus
meme ran successfully in 869.557433 seconds
Starting streme: streme --verbosity 1 --oc /ocean/projects/bio230007p/sujathab/Motif_analysis/output/meme_chip_human_promoter/streme_out -dna --p /ocean/projects/bio230007p/sujathab/Motif_analysis/output/meme_chip_human_promoter/seqs-centered --minw 6 --maxw 20 --order 2
streme ran successfully in 1683.481631 seconds
Starting centrimo: centrimo -seqlen 200 -verbosity 1 -oc /ocean/projects/bio230007p/sujathab/Motif_analysis/output/meme_chip_human_promoter/centrimo_out -bfile /ocean/projects/bio230007p/sujathab/Motif_analysis/output/meme_chip_human_promoter/background /ocean/projects/bio230007p/sujathab/Motif_analysis/output/meme_chip_human_promoter/human_promoter.fa /ocean/projects/bio230007p/sujathab/Motif_analysis/output/meme_chip_human_promoter/meme_out/meme.xml /ocean/projects/bio230007p/sujathab/Motif_analysis/output/meme_chip_human_promoter/streme_out/streme.xml /ocean/projects/bio230007p/sujathab/motif_dbs/JASPAR2026_vertebrates_combined.meme
Bad file name.
Bad file name.
Bad file name.
Bad file name.
Bad file name.
Bad file name.
Bad file name.
Bad file name.
Bad file name.
Bad file name.
Bad file name.
Bad file name.
Bad file name.
Bad file name.
Bad file name.
FATAL: Template does not contain data section.

centrimo exited with error code 1
Starting tomtom: tomtom -verbosity 1 -oc /ocean/projects/bio230007p/sujathab/Motif_analysis/output/meme_chip_human_promoter/meme_tomtom_out -min-overlap 5 -dist pearson -evalue -thresh 1 -no-ssc /ocean/projects/bio230007p/sujathab/Motif_analysis/output/meme_chip_human_promoter/meme_out/meme.xml /ocean/projects/bio230007p/sujathab/motif_dbs/JASPAR2026_vertebrates_combined.meme
tomtom ran successfully in 24.365649 seconds
Starting tomtom: tomtom -verbosity 1 -oc /ocean/projects/bio230007p/sujathab/Motif_analysis/output/meme_chip_human_promoter/streme_tomtom_out -min-overlap 5 -dist pearson -evalue -thresh 1 -no-ssc /ocean/projects/bio230007p/sujathab/Motif_analysis/output/meme_chip_human_promoter/streme_out/streme.xml /ocean/projects/bio230007p/sujathab/motif_dbs/JASPAR2026_vertebrates_combined.meme
tomtom ran successfully in 30.074957 seconds
Starting tomtom: tomtom -verbosity 1 -text -thresh 0.1 /ocean/projects/bio230007p/sujathab/Motif_analysis/output/meme_chip_human_promoter/combined.meme /ocean/projects/bio230007p/sujathab/Motif_analysis/output/meme_chip_human_promoter/combined.meme 1> /ocean/projects/bio230007p/sujathab/Motif_analysis/output/meme_chip_human_promoter/motif_alignment.txt
tomtom ran successfully in 0.885385 seconds
Starting spamo: spamo -verbosity 1 -oc /ocean/projects/bio230007p/sujathab/Motif_analysis/output/meme_chip_human_promoter/spamo_out_1 -bgfile /ocean/projects/bio230007p/sujathab/Motif_analysis/output/meme_chip_human_promoter/background -keepprimary -primary WAAARAAAAAAAAAAWNAAA /ocean/projects/bio230007p/sujathab/Motif_analysis/output/meme_chip_human_promoter/human_promoter.fa /ocean/projects/bio230007p/sujathab/Motif_analysis/output/meme_chip_human_promoter/meme_out/meme.xml /ocean/projects/bio230007p/sujathab/Motif_analysis/output/meme_chip_human_promoter/meme_out/meme.xml /ocean/projects/bio230007p/sujathab/Motif_analysis/output/meme_chip_human_promoter/streme_out/streme.xml
spamo exited with error code 1
Starting spamo: spamo -verbosity 1 -oc /ocean/projects/bio230007p/sujathab/Motif_analysis/output/meme_chip_human_promoter/spamo_out_1 -bgfile /ocean/projects/bio230007p/sujathab/Motif_analysis/output/meme_chip_human_promoter/background -keepprimary -primary CCSSCSCCGCCSCCGCCGCC /ocean/projects/bio230007p/sujathab/Motif_analysis/output/meme_chip_human_promoter/human_promoter.fa /ocean/projects/bio230007p/sujathab/Motif_analysis/output/meme_chip_human_promoter/meme_out/meme.xml /ocean/projects/bio230007p/sujathab/Motif_analysis/output/meme_chip_human_promoter/meme_out/meme.xml /ocean/projects/bio230007p/sujathab/Motif_analysis/output/meme_chip_human_promoter/streme_out/streme.xml
spamo exited with error code 1
Starting spamo: spamo -verbosity 1 -oc /ocean/projects/bio230007p/sujathab/Motif_analysis/output/meme_chip_human_promoter/spamo_out_1 -bgfile /ocean/projects/bio230007p/sujathab/Motif_analysis/output/meme_chip_human_promoter/background -keepprimary -primary GTGTGTGTGTGTGTGTGTGT /ocean/projects/bio230007p/sujathab/Motif_analysis/output/meme_chip_human_promoter/human_promoter.fa /ocean/projects/bio230007p/sujathab/Motif_analysis/output/meme_chip_human_promoter/meme_out/meme.xml /ocean/projects/bio230007p/sujathab/Motif_analysis/output/meme_chip_human_promoter/meme_out/meme.xml /ocean/projects/bio230007p/sujathab/Motif_analysis/output/meme_chip_human_promoter/streme_out/streme.xml
spamo exited with error code 1
Starting spamo: spamo -verbosity 1 -oc /ocean/projects/bio230007p/sujathab/Motif_analysis/output/meme_chip_human_promoter/spamo_out_1 -bgfile /ocean/projects/bio230007p/sujathab/Motif_analysis/output/meme_chip_human_promoter/background -keepprimary -primary 2-RRCCAATSRGMR /ocean/projects/bio230007p/sujathab/Motif_analysis/output/meme_chip_human_promoter/human_promoter.fa /ocean/projects/bio230007p/sujathab/Motif_analysis/output/meme_chip_human_promoter/streme_out/streme.xml /ocean/projects/bio230007p/sujathab/Motif_analysis/output/meme_chip_human_promoter/meme_out/meme.xml /ocean/projects/bio230007p/sujathab/Motif_analysis/output/meme_chip_human_promoter/streme_out/streme.xml
spamo exited with error code 1
Starting spamo: spamo -verbosity 1 -oc /ocean/projects/bio230007p/sujathab/Motif_analysis/output/meme_chip_human_promoter/spamo_out_1 -bgfile /ocean/projects/bio230007p/sujathab/Motif_analysis/output/meme_chip_human_promoter/background -keepprimary -primary 3-MGGAAGTG /ocean/projects/bio230007p/sujathab/Motif_analysis/output/meme_chip_human_promoter/human_promoter.fa /ocean/projects/bio230007p/sujathab/Motif_analysis/output/meme_chip_human_promoter/streme_out/streme.xml /ocean/projects/bio230007p/sujathab/Motif_analysis/output/meme_chip_human_promoter/meme_out/meme.xml /ocean/projects/bio230007p/sujathab/Motif_analysis/output/meme_chip_human_promoter/streme_out/streme.xml
spamo exited with error code 1
Starting spamo: spamo -verbosity 1 -oc /ocean/projects/bio230007p/sujathab/Motif_analysis/output/meme_chip_human_promoter/spamo_out_1 -bgfile /ocean/projects/bio230007p/sujathab/Motif_analysis/output/meme_chip_human_promoter/background -keepprimary -primary 4-CCACYAGRKGGCR /ocean/projects/bio230007p/sujathab/Motif_analysis/output/meme_chip_human_promoter/human_promoter.fa /ocean/projects/bio230007p/sujathab/Motif_analysis/output/meme_chip_human_promoter/streme_out/streme.xml /ocean/projects/bio230007p/sujathab/Motif_analysis/output/meme_chip_human_promoter/meme_out/meme.xml /ocean/projects/bio230007p/sujathab/Motif_analysis/output/meme_chip_human_promoter/streme_out/streme.xml
spamo exited with error code 1
Starting spamo: spamo -verbosity 1 -oc /ocean/projects/bio230007p/sujathab/Motif_analysis/output/meme_chip_human_promoter/spamo_out_1 -bgfile /ocean/projects/bio230007p/sujathab/Motif_analysis/output/meme_chip_human_promoter/background -keepprimary -primary GGGGCGGGGCC /ocean/projects/bio230007p/sujathab/Motif_analysis/output/meme_chip_human_promoter/human_promoter.fa /ocean/projects/bio230007p/sujathab/Motif_analysis/output/meme_chip_human_promoter/meme_out/meme.xml /ocean/projects/bio230007p/sujathab/Motif_analysis/output/meme_chip_human_promoter/meme_out/meme.xml /ocean/projects/bio230007p/sujathab/Motif_analysis/output/meme_chip_human_promoter/streme_out/streme.xml
spamo exited with error code 1
Starting spamo: spamo -verbosity 1 -oc /ocean/projects/bio230007p/sujathab/Motif_analysis/output/meme_chip_human_promoter/spamo_out_1 -bgfile /ocean/projects/bio230007p/sujathab/Motif_analysis/output/meme_chip_human_promoter/background -keepprimary -primary 6-AAGATGGCGGCSSB /ocean/projects/bio230007p/sujathab/Motif_analysis/output/meme_chip_human_promoter/human_promoter.fa /ocean/projects/bio230007p/sujathab/Motif_analysis/output/meme_chip_human_promoter/streme_out/streme.xml /ocean/projects/bio230007p/sujathab/Motif_analysis/output/meme_chip_human_promoter/meme_out/meme.xml /ocean/projects/bio230007p/sujathab/Motif_analysis/output/meme_chip_human_promoter/streme_out/streme.xml
spamo exited with error code 1
Starting spamo: spamo -verbosity 1 -oc /ocean/projects/bio230007p/sujathab/Motif_analysis/output/meme_chip_human_promoter/spamo_out_1 -bgfile /ocean/projects/bio230007p/sujathab/Motif_analysis/output/meme_chip_human_promoter/background -keepprimary -primary 7-ACTACAWYTCCCAGVADGCM /ocean/projects/bio230007p/sujathab/Motif_analysis/output/meme_chip_human_promoter/human_promoter.fa /ocean/projects/bio230007p/sujathab/Motif_analysis/output/meme_chip_human_promoter/streme_out/streme.xml /ocean/projects/bio230007p/sujathab/Motif_analysis/output/meme_chip_human_promoter/meme_out/meme.xml /ocean/projects/bio230007p/sujathab/Motif_analysis/output/meme_chip_human_promoter/streme_out/streme.xml
spamo exited with error code 1
Starting spamo: spamo -verbosity 1 -oc /ocean/projects/bio230007p/sujathab/Motif_analysis/output/meme_chip_human_promoter/spamo_out_1 -bgfile /ocean/projects/bio230007p/sujathab/Motif_analysis/output/meme_chip_human_promoter/background -keepprimary -primary 8-CCGAGTC /ocean/projects/bio230007p/sujathab/Motif_analysis/output/meme_chip_human_promoter/human_promoter.fa /ocean/projects/bio230007p/sujathab/Motif_analysis/output/meme_chip_human_promoter/streme_out/streme.xml /ocean/projects/bio230007p/sujathab/Motif_analysis/output/meme_chip_human_promoter/meme_out/meme.xml /ocean/projects/bio230007p/sujathab/Motif_analysis/output/meme_chip_human_promoter/streme_out/streme.xml
spamo exited with error code 1
Starting fimo: fimo --parse-genomic-coord --verbosity 1 --oc /ocean/projects/bio230007p/sujathab/Motif_analysis/output/meme_chip_human_promoter/fimo_out_1 --bgfile /ocean/projects/bio230007p/sujathab/Motif_analysis/output/meme_chip_human_promoter/background --motif WAAARAAAAAAAAAAWNAAA /ocean/projects/bio230007p/sujathab/Motif_analysis/output/meme_chip_human_promoter/meme_out/meme.xml /ocean/projects/bio230007p/sujathab/Motif_analysis/output/meme_chip_human_promoter/human_promoter.fa
fimo ran successfully in 0.924183 seconds
Starting fimo: fimo --parse-genomic-coord --verbosity 1 --oc /ocean/projects/bio230007p/sujathab/Motif_analysis/output/meme_chip_human_promoter/fimo_out_2 --bgfile /ocean/projects/bio230007p/sujathab/Motif_analysis/output/meme_chip_human_promoter/background --motif CCSSCSCCGCCSCCGCCGCC /ocean/projects/bio230007p/sujathab/Motif_analysis/output/meme_chip_human_promoter/meme_out/meme.xml /ocean/projects/bio230007p/sujathab/Motif_analysis/output/meme_chip_human_promoter/human_promoter.fa
fimo ran successfully in 1.002475 seconds
Starting fimo: fimo --parse-genomic-coord --verbosity 1 --oc /ocean/projects/bio230007p/sujathab/Motif_analysis/output/meme_chip_human_promoter/fimo_out_3 --bgfile /ocean/projects/bio230007p/sujathab/Motif_analysis/output/meme_chip_human_promoter/background --motif GTGTGTGTGTGTGTGTGTGT /ocean/projects/bio230007p/sujathab/Motif_analysis/output/meme_chip_human_promoter/meme_out/meme.xml /ocean/projects/bio230007p/sujathab/Motif_analysis/output/meme_chip_human_promoter/human_promoter.fa
fimo ran successfully in 0.95982 seconds
Starting fimo: fimo --parse-genomic-coord --verbosity 1 --oc /ocean/projects/bio230007p/sujathab/Motif_analysis/output/meme_chip_human_promoter/fimo_out_4 --bgfile /ocean/projects/bio230007p/sujathab/Motif_analysis/output/meme_chip_human_promoter/background --motif 2-RRCCAATSRGMR /ocean/projects/bio230007p/sujathab/Motif_analysis/output/meme_chip_human_promoter/streme_out/streme.xml /ocean/projects/bio230007p/sujathab/Motif_analysis/output/meme_chip_human_promoter/human_promoter.fa
fimo ran successfully in 0.832398 seconds
Starting fimo: fimo --parse-genomic-coord --verbosity 1 --oc /ocean/projects/bio230007p/sujathab/Motif_analysis/output/meme_chip_human_promoter/fimo_out_5 --bgfile /ocean/projects/bio230007p/sujathab/Motif_analysis/output/meme_chip_human_promoter/background --motif 3-MGGAAGTG /ocean/projects/bio230007p/sujathab/Motif_analysis/output/meme_chip_human_promoter/streme_out/streme.xml /ocean/projects/bio230007p/sujathab/Motif_analysis/output/meme_chip_human_promoter/human_promoter.fa
fimo ran successfully in 0.778958 seconds
Starting fimo: fimo --parse-genomic-coord --verbosity 1 --oc /ocean/projects/bio230007p/sujathab/Motif_analysis/output/meme_chip_human_promoter/fimo_out_6 --bgfile /ocean/projects/bio230007p/sujathab/Motif_analysis/output/meme_chip_human_promoter/background --motif 4-CCACYAGRKGGCR /ocean/projects/bio230007p/sujathab/Motif_analysis/output/meme_chip_human_promoter/streme_out/streme.xml /ocean/projects/bio230007p/sujathab/Motif_analysis/output/meme_chip_human_promoter/human_promoter.fa
fimo ran successfully in 0.799166 seconds
Starting fimo: fimo --parse-genomic-coord --verbosity 1 --oc /ocean/projects/bio230007p/sujathab/Motif_analysis/output/meme_chip_human_promoter/fimo_out_7 --bgfile /ocean/projects/bio230007p/sujathab/Motif_analysis/output/meme_chip_human_promoter/background --motif GGGGCGGGGCC /ocean/projects/bio230007p/sujathab/Motif_analysis/output/meme_chip_human_promoter/meme_out/meme.xml /ocean/projects/bio230007p/sujathab/Motif_analysis/output/meme_chip_human_promoter/human_promoter.fa
fimo ran successfully in 0.805608 seconds
Starting fimo: fimo --parse-genomic-coord --verbosity 1 --oc /ocean/projects/bio230007p/sujathab/Motif_analysis/output/meme_chip_human_promoter/fimo_out_8 --bgfile /ocean/projects/bio230007p/sujathab/Motif_analysis/output/meme_chip_human_promoter/background --motif 6-AAGATGGCGGCSSB /ocean/projects/bio230007p/sujathab/Motif_analysis/output/meme_chip_human_promoter/streme_out/streme.xml /ocean/projects/bio230007p/sujathab/Motif_analysis/output/meme_chip_human_promoter/human_promoter.fa
fimo ran successfully in 0.832308 seconds
Starting fimo: fimo --parse-genomic-coord --verbosity 1 --oc /ocean/projects/bio230007p/sujathab/Motif_analysis/output/meme_chip_human_promoter/fimo_out_9 --bgfile /ocean/projects/bio230007p/sujathab/Motif_analysis/output/meme_chip_human_promoter/background --motif 7-ACTACAWYTCCCAGVADGCM /ocean/projects/bio230007p/sujathab/Motif_analysis/output/meme_chip_human_promoter/streme_out/streme.xml /ocean/projects/bio230007p/sujathab/Motif_analysis/output/meme_chip_human_promoter/human_promoter.fa
fimo ran successfully in 0.939529 seconds
Starting fimo: fimo --parse-genomic-coord --verbosity 1 --oc /ocean/projects/bio230007p/sujathab/Motif_analysis/output/meme_chip_human_promoter/fimo_out_10 --bgfile /ocean/projects/bio230007p/sujathab/Motif_analysis/output/meme_chip_human_promoter/background --motif 8-CCGAGTC /ocean/projects/bio230007p/sujathab/Motif_analysis/output/meme_chip_human_promoter/streme_out/streme.xml /ocean/projects/bio230007p/sujathab/Motif_analysis/output/meme_chip_human_promoter/human_promoter.fa
fimo ran successfully in 0.772039 seconds
Starting meme-chip_html_to_tsv: meme-chip_html_to_tsv /ocean/projects/bio230007p/sujathab/Motif_analysis/output/meme_chip_human_promoter/meme-chip.html /ocean/projects/bio230007p/sujathab/Motif_analysis/output/meme_chip_human_promoter/summary.tsv "meme-chip -oc /ocean/projects/bio230007p/sujathab/Motif_analysis/output/meme_chip_human_promoter -maxw 20 -meme-nmotifs 10 -meme-p 4 -db /ocean/projects/bio230007p/sujathab/motif_dbs/JASPAR2026_vertebrates_combined.meme /ocean/projects/bio230007p/sujathab/Motif_analysis/output/fastas/human_promoter.fa" 5.4.1 "Sat Aug 21 19\:23\:23 2021 -0700"
meme-chip_html_to_tsv ran successfully in 0.130703 seconds
