Starting getsize: getsize /ocean/projects/bio230007p/sujathab/Motif_analysis/output/meme_chip_mouse_promoter/mouse_promoter.fa 1> $metrics
getsize ran successfully in 0.144811 seconds
Starting fasta-most: fasta-most -min 50 < /ocean/projects/bio230007p/sujathab/Motif_analysis/output/meme_chip_mouse_promoter/mouse_promoter.fa 1> $metrics
fasta-most ran successfully in 0.090439 seconds
Starting fasta-center: fasta-center -dna -len 100 < /ocean/projects/bio230007p/sujathab/Motif_analysis/output/meme_chip_mouse_promoter/mouse_promoter.fa 1> /ocean/projects/bio230007p/sujathab/Motif_analysis/output/meme_chip_mouse_promoter/seqs-centered
fasta-center ran successfully in 0.147819 seconds
Starting fasta-get-markov: fasta-get-markov -nostatus -nosummary -dna -m 2 /ocean/projects/bio230007p/sujathab/Motif_analysis/output/meme_chip_mouse_promoter/mouse_promoter.fa /ocean/projects/bio230007p/sujathab/Motif_analysis/output/meme_chip_mouse_promoter/background
fasta-get-markov ran successfully in 0.041886 seconds
Starting meme: meme /ocean/projects/bio230007p/sujathab/Motif_analysis/output/meme_chip_mouse_promoter/seqs-centered -oc /ocean/projects/bio230007p/sujathab/Motif_analysis/output/meme_chip_mouse_promoter/meme_out -mod zoops -nmotifs 10 -minw 6 -maxw 20 -bfile /ocean/projects/bio230007p/sujathab/Motif_analysis/output/meme_chip_mouse_promoter/background -dna -p 4 -revcomp -nostatus
meme ran successfully in 860.761429 seconds
Starting streme: streme --verbosity 1 --oc /ocean/projects/bio230007p/sujathab/Motif_analysis/output/meme_chip_mouse_promoter/streme_out -dna --p /ocean/projects/bio230007p/sujathab/Motif_analysis/output/meme_chip_mouse_promoter/seqs-centered --minw 6 --maxw 20 --order 2
streme ran successfully in 3485.963112 seconds
Starting centrimo: centrimo -seqlen 200 -verbosity 1 -oc /ocean/projects/bio230007p/sujathab/Motif_analysis/output/meme_chip_mouse_promoter/centrimo_out -bfile /ocean/projects/bio230007p/sujathab/Motif_analysis/output/meme_chip_mouse_promoter/background /ocean/projects/bio230007p/sujathab/Motif_analysis/output/meme_chip_mouse_promoter/mouse_promoter.fa /ocean/projects/bio230007p/sujathab/Motif_analysis/output/meme_chip_mouse_promoter/meme_out/meme.xml /ocean/projects/bio230007p/sujathab/Motif_analysis/output/meme_chip_mouse_promoter/streme_out/streme.xml /ocean/projects/bio230007p/sujathab/motif_dbs/JASPAR2026_vertebrates_combined.meme
Bad file name.
Bad file name.
Bad file name.
Bad file name.
Bad file name.
Bad file name.
Bad file name.
Bad file name.
Bad file name.
Bad file name.
Bad file name.
Bad file name.
Bad file name.
Bad file name.
Bad file name.
FATAL: Template does not contain data section.

centrimo exited with error code 1
Starting tomtom: tomtom -verbosity 1 -oc /ocean/projects/bio230007p/sujathab/Motif_analysis/output/meme_chip_mouse_promoter/meme_tomtom_out -min-overlap 5 -dist pearson -evalue -thresh 1 -no-ssc /ocean/projects/bio230007p/sujathab/Motif_analysis/output/meme_chip_mouse_promoter/meme_out/meme.xml /ocean/projects/bio230007p/sujathab/motif_dbs/JASPAR2026_vertebrates_combined.meme
tomtom ran successfully in 18.595714 seconds
Starting tomtom: tomtom -verbosity 1 -oc /ocean/projects/bio230007p/sujathab/Motif_analysis/output/meme_chip_mouse_promoter/streme_tomtom_out -min-overlap 5 -dist pearson -evalue -thresh 1 -no-ssc /ocean/projects/bio230007p/sujathab/Motif_analysis/output/meme_chip_mouse_promoter/streme_out/streme.xml /ocean/projects/bio230007p/sujathab/motif_dbs/JASPAR2026_vertebrates_combined.meme
tomtom ran successfully in 28.646697 seconds
Starting tomtom: tomtom -verbosity 1 -text -thresh 0.1 /ocean/projects/bio230007p/sujathab/Motif_analysis/output/meme_chip_mouse_promoter/combined.meme /ocean/projects/bio230007p/sujathab/Motif_analysis/output/meme_chip_mouse_promoter/combined.meme 1> /ocean/projects/bio230007p/sujathab/Motif_analysis/output/meme_chip_mouse_promoter/motif_alignment.txt
tomtom ran successfully in 0.638743 seconds
Starting spamo: spamo -verbosity 1 -oc /ocean/projects/bio230007p/sujathab/Motif_analysis/output/meme_chip_mouse_promoter/spamo_out_1 -bgfile /ocean/projects/bio230007p/sujathab/Motif_analysis/output/meme_chip_mouse_promoter/background -keepprimary -primary TTTKTTTDTTTKTTT /ocean/projects/bio230007p/sujathab/Motif_analysis/output/meme_chip_mouse_promoter/mouse_promoter.fa /ocean/projects/bio230007p/sujathab/Motif_analysis/output/meme_chip_mouse_promoter/meme_out/meme.xml /ocean/projects/bio230007p/sujathab/Motif_analysis/output/meme_chip_mouse_promoter/meme_out/meme.xml /ocean/projects/bio230007p/sujathab/Motif_analysis/output/meme_chip_mouse_promoter/streme_out/streme.xml
spamo exited with error code 1
Starting spamo: spamo -verbosity 1 -oc /ocean/projects/bio230007p/sujathab/Motif_analysis/output/meme_chip_mouse_promoter/spamo_out_1 -bgfile /ocean/projects/bio230007p/sujathab/Motif_analysis/output/meme_chip_mouse_promoter/background -keepprimary -primary VYMYRSYGCCCYCTRSTGG /ocean/projects/bio230007p/sujathab/Motif_analysis/output/meme_chip_mouse_promoter/mouse_promoter.fa /ocean/projects/bio230007p/sujathab/Motif_analysis/output/meme_chip_mouse_promoter/meme_out/meme.xml /ocean/projects/bio230007p/sujathab/Motif_analysis/output/meme_chip_mouse_promoter/meme_out/meme.xml /ocean/projects/bio230007p/sujathab/Motif_analysis/output/meme_chip_mouse_promoter/streme_out/streme.xml
spamo exited with error code 1
Starting spamo: spamo -verbosity 1 -oc /ocean/projects/bio230007p/sujathab/Motif_analysis/output/meme_chip_mouse_promoter/spamo_out_1 -bgfile /ocean/projects/bio230007p/sujathab/Motif_analysis/output/meme_chip_mouse_promoter/background -keepprimary -primary GGSGGCGGSGGCGGS /ocean/projects/bio230007p/sujathab/Motif_analysis/output/meme_chip_mouse_promoter/mouse_promoter.fa /ocean/projects/bio230007p/sujathab/Motif_analysis/output/meme_chip_mouse_promoter/meme_out/meme.xml /ocean/projects/bio230007p/sujathab/Motif_analysis/output/meme_chip_mouse_promoter/meme_out/meme.xml /ocean/projects/bio230007p/sujathab/Motif_analysis/output/meme_chip_mouse_promoter/streme_out/streme.xml
spamo exited with error code 1
Starting spamo: spamo -verbosity 1 -oc /ocean/projects/bio230007p/sujathab/Motif_analysis/output/meme_chip_mouse_promoter/spamo_out_1 -bgfile /ocean/projects/bio230007p/sujathab/Motif_analysis/output/meme_chip_mouse_promoter/background -keepprimary -primary 3-CACTCACC /ocean/projects/bio230007p/sujathab/Motif_analysis/output/meme_chip_mouse_promoter/mouse_promoter.fa /ocean/projects/bio230007p/sujathab/Motif_analysis/output/meme_chip_mouse_promoter/streme_out/streme.xml /ocean/projects/bio230007p/sujathab/Motif_analysis/output/meme_chip_mouse_promoter/meme_out/meme.xml /ocean/projects/bio230007p/sujathab/Motif_analysis/output/meme_chip_mouse_promoter/streme_out/streme.xml
spamo exited with error code 1
Starting spamo: spamo -verbosity 1 -oc /ocean/projects/bio230007p/sujathab/Motif_analysis/output/meme_chip_mouse_promoter/spamo_out_1 -bgfile /ocean/projects/bio230007p/sujathab/Motif_analysis/output/meme_chip_mouse_promoter/background -keepprimary -primary ACACACACACACACACACAC /ocean/projects/bio230007p/sujathab/Motif_analysis/output/meme_chip_mouse_promoter/mouse_promoter.fa /ocean/projects/bio230007p/sujathab/Motif_analysis/output/meme_chip_mouse_promoter/meme_out/meme.xml /ocean/projects/bio230007p/sujathab/Motif_analysis/output/meme_chip_mouse_promoter/meme_out/meme.xml /ocean/projects/bio230007p/sujathab/Motif_analysis/output/meme_chip_mouse_promoter/streme_out/streme.xml
spamo exited with error code 1
Starting spamo: spamo -verbosity 1 -oc /ocean/projects/bio230007p/sujathab/Motif_analysis/output/meme_chip_mouse_promoter/spamo_out_1 -bgfile /ocean/projects/bio230007p/sujathab/Motif_analysis/output/meme_chip_mouse_promoter/background -keepprimary -primary 4-CCCGGGTC /ocean/projects/bio230007p/sujathab/Motif_analysis/output/meme_chip_mouse_promoter/mouse_promoter.fa /ocean/projects/bio230007p/sujathab/Motif_analysis/output/meme_chip_mouse_promoter/streme_out/streme.xml /ocean/projects/bio230007p/sujathab/Motif_analysis/output/meme_chip_mouse_promoter/meme_out/meme.xml /ocean/projects/bio230007p/sujathab/Motif_analysis/output/meme_chip_mouse_promoter/streme_out/streme.xml
spamo exited with error code 1
Starting spamo: spamo -verbosity 1 -oc /ocean/projects/bio230007p/sujathab/Motif_analysis/output/meme_chip_mouse_promoter/spamo_out_1 -bgfile /ocean/projects/bio230007p/sujathab/Motif_analysis/output/meme_chip_mouse_promoter/background -keepprimary -primary 5-CAAAGKTCA /ocean/projects/bio230007p/sujathab/Motif_analysis/output/meme_chip_mouse_promoter/mouse_promoter.fa /ocean/projects/bio230007p/sujathab/Motif_analysis/output/meme_chip_mouse_promoter/streme_out/streme.xml /ocean/projects/bio230007p/sujathab/Motif_analysis/output/meme_chip_mouse_promoter/meme_out/meme.xml /ocean/projects/bio230007p/sujathab/Motif_analysis/output/meme_chip_mouse_promoter/streme_out/streme.xml
spamo exited with error code 1
Starting spamo: spamo -verbosity 1 -oc /ocean/projects/bio230007p/sujathab/Motif_analysis/output/meme_chip_mouse_promoter/spamo_out_1 -bgfile /ocean/projects/bio230007p/sujathab/Motif_analysis/output/meme_chip_mouse_promoter/background -keepprimary -primary 8-YARCCAATSRGM /ocean/projects/bio230007p/sujathab/Motif_analysis/output/meme_chip_mouse_promoter/mouse_promoter.fa /ocean/projects/bio230007p/sujathab/Motif_analysis/output/meme_chip_mouse_promoter/streme_out/streme.xml /ocean/projects/bio230007p/sujathab/Motif_analysis/output/meme_chip_mouse_promoter/meme_out/meme.xml /ocean/projects/bio230007p/sujathab/Motif_analysis/output/meme_chip_mouse_promoter/streme_out/streme.xml
spamo exited with error code 1
Starting spamo: spamo -verbosity 1 -oc /ocean/projects/bio230007p/sujathab/Motif_analysis/output/meme_chip_mouse_promoter/spamo_out_1 -bgfile /ocean/projects/bio230007p/sujathab/Motif_analysis/output/meme_chip_mouse_promoter/background -keepprimary -primary 9-RACTACAWYTCCCAGMA /ocean/projects/bio230007p/sujathab/Motif_analysis/output/meme_chip_mouse_promoter/mouse_promoter.fa /ocean/projects/bio230007p/sujathab/Motif_analysis/output/meme_chip_mouse_promoter/streme_out/streme.xml /ocean/projects/bio230007p/sujathab/Motif_analysis/output/meme_chip_mouse_promoter/meme_out/meme.xml /ocean/projects/bio230007p/sujathab/Motif_analysis/output/meme_chip_mouse_promoter/streme_out/streme.xml
spamo exited with error code 1
Starting spamo: spamo -verbosity 1 -oc /ocean/projects/bio230007p/sujathab/Motif_analysis/output/meme_chip_mouse_promoter/spamo_out_1 -bgfile /ocean/projects/bio230007p/sujathab/Motif_analysis/output/meme_chip_mouse_promoter/background -keepprimary -primary 10-CACTTCCGGYN /ocean/projects/bio230007p/sujathab/Motif_analysis/output/meme_chip_mouse_promoter/mouse_promoter.fa /ocean/projects/bio230007p/sujathab/Motif_analysis/output/meme_chip_mouse_promoter/streme_out/streme.xml /ocean/projects/bio230007p/sujathab/Motif_analysis/output/meme_chip_mouse_promoter/meme_out/meme.xml /ocean/projects/bio230007p/sujathab/Motif_analysis/output/meme_chip_mouse_promoter/streme_out/streme.xml
spamo exited with error code 1
Starting spamo: spamo -verbosity 1 -oc /ocean/projects/bio230007p/sujathab/Motif_analysis/output/meme_chip_mouse_promoter/spamo_out_1 -bgfile /ocean/projects/bio230007p/sujathab/Motif_analysis/output/meme_chip_mouse_promoter/background -keepprimary -primary 11-ATCAATAM /ocean/projects/bio230007p/sujathab/Motif_analysis/output/meme_chip_mouse_promoter/mouse_promoter.fa /ocean/projects/bio230007p/sujathab/Motif_analysis/output/meme_chip_mouse_promoter/streme_out/streme.xml /ocean/projects/bio230007p/sujathab/Motif_analysis/output/meme_chip_mouse_promoter/meme_out/meme.xml /ocean/projects/bio230007p/sujathab/Motif_analysis/output/meme_chip_mouse_promoter/streme_out/streme.xml
spamo exited with error code 1
Starting fimo: fimo --parse-genomic-coord --verbosity 1 --oc /ocean/projects/bio230007p/sujathab/Motif_analysis/output/meme_chip_mouse_promoter/fimo_out_1 --bgfile /ocean/projects/bio230007p/sujathab/Motif_analysis/output/meme_chip_mouse_promoter/background --motif TTTKTTTDTTTKTTT /ocean/projects/bio230007p/sujathab/Motif_analysis/output/meme_chip_mouse_promoter/meme_out/meme.xml /ocean/projects/bio230007p/sujathab/Motif_analysis/output/meme_chip_mouse_promoter/mouse_promoter.fa
fimo ran successfully in 1.250511 seconds
Starting fimo: fimo --parse-genomic-coord --verbosity 1 --oc /ocean/projects/bio230007p/sujathab/Motif_analysis/output/meme_chip_mouse_promoter/fimo_out_2 --bgfile /ocean/projects/bio230007p/sujathab/Motif_analysis/output/meme_chip_mouse_promoter/background --motif VYMYRSYGCCCYCTRSTGG /ocean/projects/bio230007p/sujathab/Motif_analysis/output/meme_chip_mouse_promoter/meme_out/meme.xml /ocean/projects/bio230007p/sujathab/Motif_analysis/output/meme_chip_mouse_promoter/mouse_promoter.fa
fimo ran successfully in 1.184303 seconds
Starting fimo: fimo --parse-genomic-coord --verbosity 1 --oc /ocean/projects/bio230007p/sujathab/Motif_analysis/output/meme_chip_mouse_promoter/fimo_out_3 --bgfile /ocean/projects/bio230007p/sujathab/Motif_analysis/output/meme_chip_mouse_promoter/background --motif GGSGGCGGSGGCGGS /ocean/projects/bio230007p/sujathab/Motif_analysis/output/meme_chip_mouse_promoter/meme_out/meme.xml /ocean/projects/bio230007p/sujathab/Motif_analysis/output/meme_chip_mouse_promoter/mouse_promoter.fa
fimo ran successfully in 1.138954 seconds
Starting fimo: fimo --parse-genomic-coord --verbosity 1 --oc /ocean/projects/bio230007p/sujathab/Motif_analysis/output/meme_chip_mouse_promoter/fimo_out_4 --bgfile /ocean/projects/bio230007p/sujathab/Motif_analysis/output/meme_chip_mouse_promoter/background --motif 3-CACTCACC /ocean/projects/bio230007p/sujathab/Motif_analysis/output/meme_chip_mouse_promoter/streme_out/streme.xml /ocean/projects/bio230007p/sujathab/Motif_analysis/output/meme_chip_mouse_promoter/mouse_promoter.fa
fimo ran successfully in 1.043677 seconds
Starting fimo: fimo --parse-genomic-coord --verbosity 1 --oc /ocean/projects/bio230007p/sujathab/Motif_analysis/output/meme_chip_mouse_promoter/fimo_out_5 --bgfile /ocean/projects/bio230007p/sujathab/Motif_analysis/output/meme_chip_mouse_promoter/background --motif ACACACACACACACACACAC /ocean/projects/bio230007p/sujathab/Motif_analysis/output/meme_chip_mouse_promoter/meme_out/meme.xml /ocean/projects/bio230007p/sujathab/Motif_analysis/output/meme_chip_mouse_promoter/mouse_promoter.fa
fimo ran successfully in 1.215622 seconds
Starting fimo: fimo --parse-genomic-coord --verbosity 1 --oc /ocean/projects/bio230007p/sujathab/Motif_analysis/output/meme_chip_mouse_promoter/fimo_out_6 --bgfile /ocean/projects/bio230007p/sujathab/Motif_analysis/output/meme_chip_mouse_promoter/background --motif 4-CCCGGGTC /ocean/projects/bio230007p/sujathab/Motif_analysis/output/meme_chip_mouse_promoter/streme_out/streme.xml /ocean/projects/bio230007p/sujathab/Motif_analysis/output/meme_chip_mouse_promoter/mouse_promoter.fa
fimo ran successfully in 1.026433 seconds
Starting fimo: fimo --parse-genomic-coord --verbosity 1 --oc /ocean/projects/bio230007p/sujathab/Motif_analysis/output/meme_chip_mouse_promoter/fimo_out_7 --bgfile /ocean/projects/bio230007p/sujathab/Motif_analysis/output/meme_chip_mouse_promoter/background --motif 5-CAAAGKTCA /ocean/projects/bio230007p/sujathab/Motif_analysis/output/meme_chip_mouse_promoter/streme_out/streme.xml /ocean/projects/bio230007p/sujathab/Motif_analysis/output/meme_chip_mouse_promoter/mouse_promoter.fa
fimo ran successfully in 1.054096 seconds
Starting fimo: fimo --parse-genomic-coord --verbosity 1 --oc /ocean/projects/bio230007p/sujathab/Motif_analysis/output/meme_chip_mouse_promoter/fimo_out_8 --bgfile /ocean/projects/bio230007p/sujathab/Motif_analysis/output/meme_chip_mouse_promoter/background --motif 8-YARCCAATSRGM /ocean/projects/bio230007p/sujathab/Motif_analysis/output/meme_chip_mouse_promoter/streme_out/streme.xml /ocean/projects/bio230007p/sujathab/Motif_analysis/output/meme_chip_mouse_promoter/mouse_promoter.fa
fimo ran successfully in 1.072945 seconds
Starting fimo: fimo --parse-genomic-coord --verbosity 1 --oc /ocean/projects/bio230007p/sujathab/Motif_analysis/output/meme_chip_mouse_promoter/fimo_out_9 --bgfile /ocean/projects/bio230007p/sujathab/Motif_analysis/output/meme_chip_mouse_promoter/background --motif 9-RACTACAWYTCCCAGMA /ocean/projects/bio230007p/sujathab/Motif_analysis/output/meme_chip_mouse_promoter/streme_out/streme.xml /ocean/projects/bio230007p/sujathab/Motif_analysis/output/meme_chip_mouse_promoter/mouse_promoter.fa
fimo ran successfully in 1.124636 seconds
Starting fimo: fimo --parse-genomic-coord --verbosity 1 --oc /ocean/projects/bio230007p/sujathab/Motif_analysis/output/meme_chip_mouse_promoter/fimo_out_10 --bgfile /ocean/projects/bio230007p/sujathab/Motif_analysis/output/meme_chip_mouse_promoter/background --motif 10-CACTTCCGGYN /ocean/projects/bio230007p/sujathab/Motif_analysis/output/meme_chip_mouse_promoter/streme_out/streme.xml /ocean/projects/bio230007p/sujathab/Motif_analysis/output/meme_chip_mouse_promoter/mouse_promoter.fa
fimo ran successfully in 1.057436 seconds
Starting fimo: fimo --parse-genomic-coord --verbosity 1 --oc /ocean/projects/bio230007p/sujathab/Motif_analysis/output/meme_chip_mouse_promoter/fimo_out_11 --bgfile /ocean/projects/bio230007p/sujathab/Motif_analysis/output/meme_chip_mouse_promoter/background --motif 11-ATCAATAM /ocean/projects/bio230007p/sujathab/Motif_analysis/output/meme_chip_mouse_promoter/streme_out/streme.xml /ocean/projects/bio230007p/sujathab/Motif_analysis/output/meme_chip_mouse_promoter/mouse_promoter.fa
fimo ran successfully in 1.020898 seconds
Starting meme-chip_html_to_tsv: meme-chip_html_to_tsv /ocean/projects/bio230007p/sujathab/Motif_analysis/output/meme_chip_mouse_promoter/meme-chip.html /ocean/projects/bio230007p/sujathab/Motif_analysis/output/meme_chip_mouse_promoter/summary.tsv "meme-chip -oc /ocean/projects/bio230007p/sujathab/Motif_analysis/output/meme_chip_mouse_promoter -maxw 20 -meme-nmotifs 10 -meme-p 4 -db /ocean/projects/bio230007p/sujathab/motif_dbs/JASPAR2026_vertebrates_combined.meme /ocean/projects/bio230007p/sujathab/Motif_analysis/output/fastas/mouse_promoter.fa" 5.4.1 "Sat Aug 21 19\:23\:23 2021 -0700"
meme-chip_html_to_tsv ran successfully in 0.095571 seconds
