Starting getsize: getsize /ocean/projects/bio230007p/sujathab/Motif_analysis/output/meme_chip_mouse_enhancer/mouse_enhancer.fa 1> $metrics
getsize ran successfully in 0.477649 seconds
Starting fasta-most: fasta-most -min 50 < /ocean/projects/bio230007p/sujathab/Motif_analysis/output/meme_chip_mouse_enhancer/mouse_enhancer.fa 1> $metrics
fasta-most ran successfully in 0.184917 seconds
Starting fasta-center: fasta-center -dna -len 100 < /ocean/projects/bio230007p/sujathab/Motif_analysis/output/meme_chip_mouse_enhancer/mouse_enhancer.fa 1> /ocean/projects/bio230007p/sujathab/Motif_analysis/output/meme_chip_mouse_enhancer/seqs-centered
fasta-center ran successfully in 0.343333 seconds
Starting fasta-get-markov: fasta-get-markov -nostatus -nosummary -dna -m 2 /ocean/projects/bio230007p/sujathab/Motif_analysis/output/meme_chip_mouse_enhancer/mouse_enhancer.fa /ocean/projects/bio230007p/sujathab/Motif_analysis/output/meme_chip_mouse_enhancer/background
fasta-get-markov ran successfully in 0.107567 seconds
Starting meme: meme /ocean/projects/bio230007p/sujathab/Motif_analysis/output/meme_chip_mouse_enhancer/seqs-centered -oc /ocean/projects/bio230007p/sujathab/Motif_analysis/output/meme_chip_mouse_enhancer/meme_out -mod zoops -nmotifs 10 -minw 6 -maxw 20 -bfile /ocean/projects/bio230007p/sujathab/Motif_analysis/output/meme_chip_mouse_enhancer/background -dna -p 4 -revcomp -nostatus
meme ran successfully in 1133.332677 seconds
Starting streme: streme --verbosity 1 --oc /ocean/projects/bio230007p/sujathab/Motif_analysis/output/meme_chip_mouse_enhancer/streme_out -dna --p /ocean/projects/bio230007p/sujathab/Motif_analysis/output/meme_chip_mouse_enhancer/seqs-centered --minw 6 --maxw 20 --order 2
streme ran successfully in 18180.072212 seconds
Starting centrimo: centrimo -seqlen 200 -verbosity 1 -oc /ocean/projects/bio230007p/sujathab/Motif_analysis/output/meme_chip_mouse_enhancer/centrimo_out -bfile /ocean/projects/bio230007p/sujathab/Motif_analysis/output/meme_chip_mouse_enhancer/background /ocean/projects/bio230007p/sujathab/Motif_analysis/output/meme_chip_mouse_enhancer/mouse_enhancer.fa /ocean/projects/bio230007p/sujathab/Motif_analysis/output/meme_chip_mouse_enhancer/meme_out/meme.xml /ocean/projects/bio230007p/sujathab/Motif_analysis/output/meme_chip_mouse_enhancer/streme_out/streme.xml /ocean/projects/bio230007p/sujathab/motif_dbs/JASPAR2026_vertebrates_combined.meme
Bad file name.
Bad file name.
Bad file name.
Bad file name.
Bad file name.
Bad file name.
Bad file name.
Bad file name.
Bad file name.
Bad file name.
Bad file name.
Bad file name.
Bad file name.
Bad file name.
Bad file name.
FATAL: Template does not contain data section.

centrimo exited with error code 1
Starting tomtom: tomtom -verbosity 1 -oc /ocean/projects/bio230007p/sujathab/Motif_analysis/output/meme_chip_mouse_enhancer/meme_tomtom_out -min-overlap 5 -dist pearson -evalue -thresh 1 -no-ssc /ocean/projects/bio230007p/sujathab/Motif_analysis/output/meme_chip_mouse_enhancer/meme_out/meme.xml /ocean/projects/bio230007p/sujathab/motif_dbs/JASPAR2026_vertebrates_combined.meme
tomtom ran successfully in 19.241885 seconds
Starting tomtom: tomtom -verbosity 1 -oc /ocean/projects/bio230007p/sujathab/Motif_analysis/output/meme_chip_mouse_enhancer/streme_tomtom_out -min-overlap 5 -dist pearson -evalue -thresh 1 -no-ssc /ocean/projects/bio230007p/sujathab/Motif_analysis/output/meme_chip_mouse_enhancer/streme_out/streme.xml /ocean/projects/bio230007p/sujathab/motif_dbs/JASPAR2026_vertebrates_combined.meme
tomtom ran successfully in 47.800903 seconds
Starting tomtom: tomtom -verbosity 1 -text -thresh 0.1 /ocean/projects/bio230007p/sujathab/Motif_analysis/output/meme_chip_mouse_enhancer/combined.meme /ocean/projects/bio230007p/sujathab/Motif_analysis/output/meme_chip_mouse_enhancer/combined.meme 1> /ocean/projects/bio230007p/sujathab/Motif_analysis/output/meme_chip_mouse_enhancer/motif_alignment.txt
tomtom ran successfully in 1.508902 seconds
Starting spamo: spamo -verbosity 1 -oc /ocean/projects/bio230007p/sujathab/Motif_analysis/output/meme_chip_mouse_enhancer/spamo_out_1 -bgfile /ocean/projects/bio230007p/sujathab/Motif_analysis/output/meme_chip_mouse_enhancer/background -keepprimary -primary DRCCASHAGRKGGC /ocean/projects/bio230007p/sujathab/Motif_analysis/output/meme_chip_mouse_enhancer/mouse_enhancer.fa /ocean/projects/bio230007p/sujathab/Motif_analysis/output/meme_chip_mouse_enhancer/meme_out/meme.xml /ocean/projects/bio230007p/sujathab/Motif_analysis/output/meme_chip_mouse_enhancer/meme_out/meme.xml /ocean/projects/bio230007p/sujathab/Motif_analysis/output/meme_chip_mouse_enhancer/streme_out/streme.xml
spamo exited with error code 1
Starting spamo: spamo -verbosity 1 -oc /ocean/projects/bio230007p/sujathab/Motif_analysis/output/meme_chip_mouse_enhancer/spamo_out_1 -bgfile /ocean/projects/bio230007p/sujathab/Motif_analysis/output/meme_chip_mouse_enhancer/background -keepprimary -primary TGTGTGTGTGTGTGTGTGTG /ocean/projects/bio230007p/sujathab/Motif_analysis/output/meme_chip_mouse_enhancer/mouse_enhancer.fa /ocean/projects/bio230007p/sujathab/Motif_analysis/output/meme_chip_mouse_enhancer/meme_out/meme.xml /ocean/projects/bio230007p/sujathab/Motif_analysis/output/meme_chip_mouse_enhancer/meme_out/meme.xml /ocean/projects/bio230007p/sujathab/Motif_analysis/output/meme_chip_mouse_enhancer/streme_out/streme.xml
spamo exited with error code 1
Starting spamo: spamo -verbosity 1 -oc /ocean/projects/bio230007p/sujathab/Motif_analysis/output/meme_chip_mouse_enhancer/spamo_out_1 -bgfile /ocean/projects/bio230007p/sujathab/Motif_analysis/output/meme_chip_mouse_enhancer/background -keepprimary -primary 2-CAAAGGTCA /ocean/projects/bio230007p/sujathab/Motif_analysis/output/meme_chip_mouse_enhancer/mouse_enhancer.fa /ocean/projects/bio230007p/sujathab/Motif_analysis/output/meme_chip_mouse_enhancer/streme_out/streme.xml /ocean/projects/bio230007p/sujathab/Motif_analysis/output/meme_chip_mouse_enhancer/meme_out/meme.xml /ocean/projects/bio230007p/sujathab/Motif_analysis/output/meme_chip_mouse_enhancer/streme_out/streme.xml
spamo exited with error code 1
Starting spamo: spamo -verbosity 1 -oc /ocean/projects/bio230007p/sujathab/Motif_analysis/output/meme_chip_mouse_enhancer/spamo_out_1 -bgfile /ocean/projects/bio230007p/sujathab/Motif_analysis/output/meme_chip_mouse_enhancer/background -keepprimary -primary 3-WAARYAAAYAH /ocean/projects/bio230007p/sujathab/Motif_analysis/output/meme_chip_mouse_enhancer/mouse_enhancer.fa /ocean/projects/bio230007p/sujathab/Motif_analysis/output/meme_chip_mouse_enhancer/streme_out/streme.xml /ocean/projects/bio230007p/sujathab/Motif_analysis/output/meme_chip_mouse_enhancer/meme_out/meme.xml /ocean/projects/bio230007p/sujathab/Motif_analysis/output/meme_chip_mouse_enhancer/streme_out/streme.xml
spamo exited with error code 1
Starting spamo: spamo -verbosity 1 -oc /ocean/projects/bio230007p/sujathab/Motif_analysis/output/meme_chip_mouse_enhancer/spamo_out_1 -bgfile /ocean/projects/bio230007p/sujathab/Motif_analysis/output/meme_chip_mouse_enhancer/background -keepprimary -primary 4-RTTDCGHAAY /ocean/projects/bio230007p/sujathab/Motif_analysis/output/meme_chip_mouse_enhancer/mouse_enhancer.fa /ocean/projects/bio230007p/sujathab/Motif_analysis/output/meme_chip_mouse_enhancer/streme_out/streme.xml /ocean/projects/bio230007p/sujathab/Motif_analysis/output/meme_chip_mouse_enhancer/meme_out/meme.xml /ocean/projects/bio230007p/sujathab/Motif_analysis/output/meme_chip_mouse_enhancer/streme_out/streme.xml
spamo exited with error code 1
Starting spamo: spamo -verbosity 1 -oc /ocean/projects/bio230007p/sujathab/Motif_analysis/output/meme_chip_mouse_enhancer/spamo_out_1 -bgfile /ocean/projects/bio230007p/sujathab/Motif_analysis/output/meme_chip_mouse_enhancer/background -keepprimary -primary 5-GTAGCCCWGGCTGKCCTBGA /ocean/projects/bio230007p/sujathab/Motif_analysis/output/meme_chip_mouse_enhancer/mouse_enhancer.fa /ocean/projects/bio230007p/sujathab/Motif_analysis/output/meme_chip_mouse_enhancer/streme_out/streme.xml /ocean/projects/bio230007p/sujathab/Motif_analysis/output/meme_chip_mouse_enhancer/meme_out/meme.xml /ocean/projects/bio230007p/sujathab/Motif_analysis/output/meme_chip_mouse_enhancer/streme_out/streme.xml
spamo exited with error code 1
Starting spamo: spamo -verbosity 1 -oc /ocean/projects/bio230007p/sujathab/Motif_analysis/output/meme_chip_mouse_enhancer/spamo_out_1 -bgfile /ocean/projects/bio230007p/sujathab/Motif_analysis/output/meme_chip_mouse_enhancer/background -keepprimary -primary 6-TAATSATTAACYA /ocean/projects/bio230007p/sujathab/Motif_analysis/output/meme_chip_mouse_enhancer/mouse_enhancer.fa /ocean/projects/bio230007p/sujathab/Motif_analysis/output/meme_chip_mouse_enhancer/streme_out/streme.xml /ocean/projects/bio230007p/sujathab/Motif_analysis/output/meme_chip_mouse_enhancer/meme_out/meme.xml /ocean/projects/bio230007p/sujathab/Motif_analysis/output/meme_chip_mouse_enhancer/streme_out/streme.xml
spamo exited with error code 1
Starting spamo: spamo -verbosity 1 -oc /ocean/projects/bio230007p/sujathab/Motif_analysis/output/meme_chip_mouse_enhancer/spamo_out_1 -bgfile /ocean/projects/bio230007p/sujathab/Motif_analysis/output/meme_chip_mouse_enhancer/background -keepprimary -primary 7-CCCCACCCCC /ocean/projects/bio230007p/sujathab/Motif_analysis/output/meme_chip_mouse_enhancer/mouse_enhancer.fa /ocean/projects/bio230007p/sujathab/Motif_analysis/output/meme_chip_mouse_enhancer/streme_out/streme.xml /ocean/projects/bio230007p/sujathab/Motif_analysis/output/meme_chip_mouse_enhancer/meme_out/meme.xml /ocean/projects/bio230007p/sujathab/Motif_analysis/output/meme_chip_mouse_enhancer/streme_out/streme.xml
spamo exited with error code 1
Starting spamo: spamo -verbosity 1 -oc /ocean/projects/bio230007p/sujathab/Motif_analysis/output/meme_chip_mouse_enhancer/spamo_out_1 -bgfile /ocean/projects/bio230007p/sujathab/Motif_analysis/output/meme_chip_mouse_enhancer/background -keepprimary -primary 8-AGWGCTGGRRTTAMAGGYR /ocean/projects/bio230007p/sujathab/Motif_analysis/output/meme_chip_mouse_enhancer/mouse_enhancer.fa /ocean/projects/bio230007p/sujathab/Motif_analysis/output/meme_chip_mouse_enhancer/streme_out/streme.xml /ocean/projects/bio230007p/sujathab/Motif_analysis/output/meme_chip_mouse_enhancer/meme_out/meme.xml /ocean/projects/bio230007p/sujathab/Motif_analysis/output/meme_chip_mouse_enhancer/streme_out/streme.xml
spamo exited with error code 1
Starting spamo: spamo -verbosity 1 -oc /ocean/projects/bio230007p/sujathab/Motif_analysis/output/meme_chip_mouse_enhancer/spamo_out_1 -bgfile /ocean/projects/bio230007p/sujathab/Motif_analysis/output/meme_chip_mouse_enhancer/background -keepprimary -primary 9-CTGAGCCATCTCTCCAGCCC /ocean/projects/bio230007p/sujathab/Motif_analysis/output/meme_chip_mouse_enhancer/mouse_enhancer.fa /ocean/projects/bio230007p/sujathab/Motif_analysis/output/meme_chip_mouse_enhancer/streme_out/streme.xml /ocean/projects/bio230007p/sujathab/Motif_analysis/output/meme_chip_mouse_enhancer/meme_out/meme.xml /ocean/projects/bio230007p/sujathab/Motif_analysis/output/meme_chip_mouse_enhancer/streme_out/streme.xml
spamo exited with error code 1
Starting spamo: spamo -verbosity 1 -oc /ocean/projects/bio230007p/sujathab/Motif_analysis/output/meme_chip_mouse_enhancer/spamo_out_1 -bgfile /ocean/projects/bio230007p/sujathab/Motif_analysis/output/meme_chip_mouse_enhancer/background -keepprimary -primary 10-GCTCACAACCATCTGTAA /ocean/projects/bio230007p/sujathab/Motif_analysis/output/meme_chip_mouse_enhancer/mouse_enhancer.fa /ocean/projects/bio230007p/sujathab/Motif_analysis/output/meme_chip_mouse_enhancer/streme_out/streme.xml /ocean/projects/bio230007p/sujathab/Motif_analysis/output/meme_chip_mouse_enhancer/meme_out/meme.xml /ocean/projects/bio230007p/sujathab/Motif_analysis/output/meme_chip_mouse_enhancer/streme_out/streme.xml
spamo exited with error code 1
Starting spamo: spamo -verbosity 1 -oc /ocean/projects/bio230007p/sujathab/Motif_analysis/output/meme_chip_mouse_enhancer/spamo_out_1 -bgfile /ocean/projects/bio230007p/sujathab/Motif_analysis/output/meme_chip_mouse_enhancer/background -keepprimary -primary 11-CCTGCCTCTGCCTCCY /ocean/projects/bio230007p/sujathab/Motif_analysis/output/meme_chip_mouse_enhancer/mouse_enhancer.fa /ocean/projects/bio230007p/sujathab/Motif_analysis/output/meme_chip_mouse_enhancer/streme_out/streme.xml /ocean/projects/bio230007p/sujathab/Motif_analysis/output/meme_chip_mouse_enhancer/meme_out/meme.xml /ocean/projects/bio230007p/sujathab/Motif_analysis/output/meme_chip_mouse_enhancer/streme_out/streme.xml
spamo exited with error code 1
Starting spamo: spamo -verbosity 1 -oc /ocean/projects/bio230007p/sujathab/Motif_analysis/output/meme_chip_mouse_enhancer/spamo_out_1 -bgfile /ocean/projects/bio230007p/sujathab/Motif_analysis/output/meme_chip_mouse_enhancer/background -keepprimary -primary 12-AAAGCAAA /ocean/projects/bio230007p/sujathab/Motif_analysis/output/meme_chip_mouse_enhancer/mouse_enhancer.fa /ocean/projects/bio230007p/sujathab/Motif_analysis/output/meme_chip_mouse_enhancer/streme_out/streme.xml /ocean/projects/bio230007p/sujathab/Motif_analysis/output/meme_chip_mouse_enhancer/meme_out/meme.xml /ocean/projects/bio230007p/sujathab/Motif_analysis/output/meme_chip_mouse_enhancer/streme_out/streme.xml
spamo exited with error code 1
Starting spamo: spamo -verbosity 1 -oc /ocean/projects/bio230007p/sujathab/Motif_analysis/output/meme_chip_mouse_enhancer/spamo_out_1 -bgfile /ocean/projects/bio230007p/sujathab/Motif_analysis/output/meme_chip_mouse_enhancer/background -keepprimary -primary AGATCCCCTGGAACTGGAGT /ocean/projects/bio230007p/sujathab/Motif_analysis/output/meme_chip_mouse_enhancer/mouse_enhancer.fa /ocean/projects/bio230007p/sujathab/Motif_analysis/output/meme_chip_mouse_enhancer/meme_out/meme.xml /ocean/projects/bio230007p/sujathab/Motif_analysis/output/meme_chip_mouse_enhancer/meme_out/meme.xml /ocean/projects/bio230007p/sujathab/Motif_analysis/output/meme_chip_mouse_enhancer/streme_out/streme.xml
spamo exited with error code 1
Starting spamo: spamo -verbosity 1 -oc /ocean/projects/bio230007p/sujathab/Motif_analysis/output/meme_chip_mouse_enhancer/spamo_out_1 -bgfile /ocean/projects/bio230007p/sujathab/Motif_analysis/output/meme_chip_mouse_enhancer/background -keepprimary -primary 18-AGATAA /ocean/projects/bio230007p/sujathab/Motif_analysis/output/meme_chip_mouse_enhancer/mouse_enhancer.fa /ocean/projects/bio230007p/sujathab/Motif_analysis/output/meme_chip_mouse_enhancer/streme_out/streme.xml /ocean/projects/bio230007p/sujathab/Motif_analysis/output/meme_chip_mouse_enhancer/meme_out/meme.xml /ocean/projects/bio230007p/sujathab/Motif_analysis/output/meme_chip_mouse_enhancer/streme_out/streme.xml
spamo exited with error code 1
Starting fimo: fimo --parse-genomic-coord --verbosity 1 --oc /ocean/projects/bio230007p/sujathab/Motif_analysis/output/meme_chip_mouse_enhancer/fimo_out_1 --bgfile /ocean/projects/bio230007p/sujathab/Motif_analysis/output/meme_chip_mouse_enhancer/background --motif DRCCASHAGRKGGC /ocean/projects/bio230007p/sujathab/Motif_analysis/output/meme_chip_mouse_enhancer/meme_out/meme.xml /ocean/projects/bio230007p/sujathab/Motif_analysis/output/meme_chip_mouse_enhancer/mouse_enhancer.fa
fimo ran successfully in 2.649153 seconds
Starting fimo: fimo --parse-genomic-coord --verbosity 1 --oc /ocean/projects/bio230007p/sujathab/Motif_analysis/output/meme_chip_mouse_enhancer/fimo_out_2 --bgfile /ocean/projects/bio230007p/sujathab/Motif_analysis/output/meme_chip_mouse_enhancer/background --motif TGTGTGTGTGTGTGTGTGTG /ocean/projects/bio230007p/sujathab/Motif_analysis/output/meme_chip_mouse_enhancer/meme_out/meme.xml /ocean/projects/bio230007p/sujathab/Motif_analysis/output/meme_chip_mouse_enhancer/mouse_enhancer.fa
fimo ran successfully in 2.762811 seconds
Starting fimo: fimo --parse-genomic-coord --verbosity 1 --oc /ocean/projects/bio230007p/sujathab/Motif_analysis/output/meme_chip_mouse_enhancer/fimo_out_3 --bgfile /ocean/projects/bio230007p/sujathab/Motif_analysis/output/meme_chip_mouse_enhancer/background --motif 2-CAAAGGTCA /ocean/projects/bio230007p/sujathab/Motif_analysis/output/meme_chip_mouse_enhancer/streme_out/streme.xml /ocean/projects/bio230007p/sujathab/Motif_analysis/output/meme_chip_mouse_enhancer/mouse_enhancer.fa
fimo ran successfully in 2.423676 seconds
Starting fimo: fimo --parse-genomic-coord --verbosity 1 --oc /ocean/projects/bio230007p/sujathab/Motif_analysis/output/meme_chip_mouse_enhancer/fimo_out_4 --bgfile /ocean/projects/bio230007p/sujathab/Motif_analysis/output/meme_chip_mouse_enhancer/background --motif 3-WAARYAAAYAH /ocean/projects/bio230007p/sujathab/Motif_analysis/output/meme_chip_mouse_enhancer/streme_out/streme.xml /ocean/projects/bio230007p/sujathab/Motif_analysis/output/meme_chip_mouse_enhancer/mouse_enhancer.fa
fimo ran successfully in 2.389905 seconds
Starting fimo: fimo --parse-genomic-coord --verbosity 1 --oc /ocean/projects/bio230007p/sujathab/Motif_analysis/output/meme_chip_mouse_enhancer/fimo_out_5 --bgfile /ocean/projects/bio230007p/sujathab/Motif_analysis/output/meme_chip_mouse_enhancer/background --motif 4-RTTDCGHAAY /ocean/projects/bio230007p/sujathab/Motif_analysis/output/meme_chip_mouse_enhancer/streme_out/streme.xml /ocean/projects/bio230007p/sujathab/Motif_analysis/output/meme_chip_mouse_enhancer/mouse_enhancer.fa
fimo ran successfully in 2.370013 seconds
Starting fimo: fimo --parse-genomic-coord --verbosity 1 --oc /ocean/projects/bio230007p/sujathab/Motif_analysis/output/meme_chip_mouse_enhancer/fimo_out_6 --bgfile /ocean/projects/bio230007p/sujathab/Motif_analysis/output/meme_chip_mouse_enhancer/background --motif 5-GTAGCCCWGGCTGKCCTBGA /ocean/projects/bio230007p/sujathab/Motif_analysis/output/meme_chip_mouse_enhancer/streme_out/streme.xml /ocean/projects/bio230007p/sujathab/Motif_analysis/output/meme_chip_mouse_enhancer/mouse_enhancer.fa
fimo ran successfully in 2.709216 seconds
Starting fimo: fimo --parse-genomic-coord --verbosity 1 --oc /ocean/projects/bio230007p/sujathab/Motif_analysis/output/meme_chip_mouse_enhancer/fimo_out_7 --bgfile /ocean/projects/bio230007p/sujathab/Motif_analysis/output/meme_chip_mouse_enhancer/background --motif 6-TAATSATTAACYA /ocean/projects/bio230007p/sujathab/Motif_analysis/output/meme_chip_mouse_enhancer/streme_out/streme.xml /ocean/projects/bio230007p/sujathab/Motif_analysis/output/meme_chip_mouse_enhancer/mouse_enhancer.fa
fimo ran successfully in 2.460034 seconds
Starting fimo: fimo --parse-genomic-coord --verbosity 1 --oc /ocean/projects/bio230007p/sujathab/Motif_analysis/output/meme_chip_mouse_enhancer/fimo_out_8 --bgfile /ocean/projects/bio230007p/sujathab/Motif_analysis/output/meme_chip_mouse_enhancer/background --motif 7-CCCCACCCCC /ocean/projects/bio230007p/sujathab/Motif_analysis/output/meme_chip_mouse_enhancer/streme_out/streme.xml /ocean/projects/bio230007p/sujathab/Motif_analysis/output/meme_chip_mouse_enhancer/mouse_enhancer.fa
fimo ran successfully in 2.380051 seconds
Starting fimo: fimo --parse-genomic-coord --verbosity 1 --oc /ocean/projects/bio230007p/sujathab/Motif_analysis/output/meme_chip_mouse_enhancer/fimo_out_9 --bgfile /ocean/projects/bio230007p/sujathab/Motif_analysis/output/meme_chip_mouse_enhancer/background --motif 8-AGWGCTGGRRTTAMAGGYR /ocean/projects/bio230007p/sujathab/Motif_analysis/output/meme_chip_mouse_enhancer/streme_out/streme.xml /ocean/projects/bio230007p/sujathab/Motif_analysis/output/meme_chip_mouse_enhancer/mouse_enhancer.fa
fimo ran successfully in 2.684239 seconds
Starting fimo: fimo --parse-genomic-coord --verbosity 1 --oc /ocean/projects/bio230007p/sujathab/Motif_analysis/output/meme_chip_mouse_enhancer/fimo_out_10 --bgfile /ocean/projects/bio230007p/sujathab/Motif_analysis/output/meme_chip_mouse_enhancer/background --motif 9-CTGAGCCATCTCTCCAGCCC /ocean/projects/bio230007p/sujathab/Motif_analysis/output/meme_chip_mouse_enhancer/streme_out/streme.xml /ocean/projects/bio230007p/sujathab/Motif_analysis/output/meme_chip_mouse_enhancer/mouse_enhancer.fa
fimo ran successfully in 2.694787 seconds
Starting fimo: fimo --parse-genomic-coord --verbosity 1 --oc /ocean/projects/bio230007p/sujathab/Motif_analysis/output/meme_chip_mouse_enhancer/fimo_out_11 --bgfile /ocean/projects/bio230007p/sujathab/Motif_analysis/output/meme_chip_mouse_enhancer/background --motif 10-GCTCACAACCATCTGTAA /ocean/projects/bio230007p/sujathab/Motif_analysis/output/meme_chip_mouse_enhancer/streme_out/streme.xml /ocean/projects/bio230007p/sujathab/Motif_analysis/output/meme_chip_mouse_enhancer/mouse_enhancer.fa
fimo ran successfully in 2.625234 seconds
Starting fimo: fimo --parse-genomic-coord --verbosity 1 --oc /ocean/projects/bio230007p/sujathab/Motif_analysis/output/meme_chip_mouse_enhancer/fimo_out_12 --bgfile /ocean/projects/bio230007p/sujathab/Motif_analysis/output/meme_chip_mouse_enhancer/background --motif 11-CCTGCCTCTGCCTCCY /ocean/projects/bio230007p/sujathab/Motif_analysis/output/meme_chip_mouse_enhancer/streme_out/streme.xml /ocean/projects/bio230007p/sujathab/Motif_analysis/output/meme_chip_mouse_enhancer/mouse_enhancer.fa
fimo ran successfully in 2.598871 seconds
Starting fimo: fimo --parse-genomic-coord --verbosity 1 --oc /ocean/projects/bio230007p/sujathab/Motif_analysis/output/meme_chip_mouse_enhancer/fimo_out_13 --bgfile /ocean/projects/bio230007p/sujathab/Motif_analysis/output/meme_chip_mouse_enhancer/background --motif 12-AAAGCAAA /ocean/projects/bio230007p/sujathab/Motif_analysis/output/meme_chip_mouse_enhancer/streme_out/streme.xml /ocean/projects/bio230007p/sujathab/Motif_analysis/output/meme_chip_mouse_enhancer/mouse_enhancer.fa
fimo ran successfully in 2.372663 seconds
Starting fimo: fimo --parse-genomic-coord --verbosity 1 --oc /ocean/projects/bio230007p/sujathab/Motif_analysis/output/meme_chip_mouse_enhancer/fimo_out_14 --bgfile /ocean/projects/bio230007p/sujathab/Motif_analysis/output/meme_chip_mouse_enhancer/background --motif AGATCCCCTGGAACTGGAGT /ocean/projects/bio230007p/sujathab/Motif_analysis/output/meme_chip_mouse_enhancer/meme_out/meme.xml /ocean/projects/bio230007p/sujathab/Motif_analysis/output/meme_chip_mouse_enhancer/mouse_enhancer.fa
fimo ran successfully in 2.663142 seconds
Starting fimo: fimo --parse-genomic-coord --verbosity 1 --oc /ocean/projects/bio230007p/sujathab/Motif_analysis/output/meme_chip_mouse_enhancer/fimo_out_15 --bgfile /ocean/projects/bio230007p/sujathab/Motif_analysis/output/meme_chip_mouse_enhancer/background --motif 18-AGATAA /ocean/projects/bio230007p/sujathab/Motif_analysis/output/meme_chip_mouse_enhancer/streme_out/streme.xml /ocean/projects/bio230007p/sujathab/Motif_analysis/output/meme_chip_mouse_enhancer/mouse_enhancer.fa
fimo ran successfully in 2.238634 seconds
Starting meme-chip_html_to_tsv: meme-chip_html_to_tsv /ocean/projects/bio230007p/sujathab/Motif_analysis/output/meme_chip_mouse_enhancer/meme-chip.html /ocean/projects/bio230007p/sujathab/Motif_analysis/output/meme_chip_mouse_enhancer/summary.tsv "meme-chip -oc /ocean/projects/bio230007p/sujathab/Motif_analysis/output/meme_chip_mouse_enhancer -maxw 20 -meme-nmotifs 10 -meme-p 4 -db /ocean/projects/bio230007p/sujathab/motif_dbs/JASPAR2026_vertebrates_combined.meme /ocean/projects/bio230007p/sujathab/Motif_analysis/output/fastas/mouse_enhancer.fa" 5.4.1 "Sat Aug 21 19\:23\:23 2021 -0700"
meme-chip_html_to_tsv ran successfully in 0.096548 seconds
